#
# There is insufficient memory for the Java Runtime Environment to continue.
# Native memory allocation (mmap) failed to map 30408704 bytes for committing reserved memory.
# Possible reasons:
#   The system is out of physical RAM or swap space
#   In 32 bit mode, the process size limit was hit
# Possible solutions:
#   Reduce memory load on the system
#   Increase physical memory or swap space
#   Check if swap backing store is full
#   Use 64 bit Java on a 64 bit OS
#   Decrease Java heap size (-Xmx/-Xms)
#   Decrease number of Java threads
#   Decrease Java thread stack sizes (-Xss)
#   Set larger code cache with -XX:ReservedCodeCacheSize=
# This output file may be truncated or incomplete.
#
#  Out of Memory Error (os_linux.cpp:2640), pid=14353, tid=0x00007fa23029b700
#
# JRE version: OpenJDK Runtime Environment (8.0_152-b01) (build 1.8.0_152-release-1024-b01)
# Java VM: OpenJDK 64-Bit Server VM (25.152-b01 mixed mode linux-amd64 compressed oops)
# Failed to write core dump. Core dumps have been disabled. To enable core dumping, try "ulimit -c unlimited" before starting Java again
#

---------------  T H R E A D  ---------------

Current thread (0x00007fa22c078000):  VMThread [stack: 0x00007fa23019b000,0x00007fa23029c000] [id=14362]

Stack: [0x00007fa23019b000,0x00007fa23029c000],  sp=0x00007fa23029a4c0,  free space=1021k
Native frames: (J=compiled Java code, j=interpreted, Vv=VM code, C=native code)
V  [libjvm.so+0x9ed02d]  VMError::report_and_die()+0x15d
V  [libjvm.so+0x4b99fa]  report_vm_out_of_memory(char const*, int, unsigned long, VMErrorType, char const*)+0x8a
V  [libjvm.so+0x852c20]  os::pd_commit_memory(char*, unsigned long, unsigned long, bool)+0xf0
V  [libjvm.so+0x84d72f]  os::commit_memory(char*, unsigned long, unsigned long, bool)+0x1f
V  [libjvm.so+0x8c448b]  PSVirtualSpace::expand_by(unsigned long)+0x5b
V  [libjvm.so+0x8c5100]  PSYoungGen::resize_generation(unsigned long, unsigned long)+0xb0
V  [libjvm.so+0x8c541b]  PSYoungGen::resize(unsigned long, unsigned long)+0x1b
V  [libjvm.so+0x8c1b0c]  PSScavenge::invoke_no_policy()+0xdac
V  [libjvm.so+0x8c22e8]  PSScavenge::invoke()+0x38
V  [libjvm.so+0x876633]  ParallelScavengeHeap::failed_mem_allocate(unsigned long)+0x63
V  [libjvm.so+0x9eeb54]  VM_ParallelGCFailedAllocation::doit()+0x84
V  [libjvm.so+0x9f3067]  VM_Operation::evaluate()+0x47
V  [libjvm.so+0x9f1a48]  VMThread::evaluate_operation(VM_Operation*)+0x2c8
V  [libjvm.so+0x9f1ec9]  VMThread::loop()+0x219
V  [libjvm.so+0x9f2312]  VMThread::run()+0x72
V  [libjvm.so+0x850032]  java_start(Thread*)+0xf2

VM_Operation (0x00007fa20cbebdd0): ParallelGCFailedAllocation, mode: safepoint, requested by thread 0x00007fa1d400a800


---------------  P R O C E S S  ---------------

Java Threads: ( => current thread )
  0x00007fa1c0ae0000 JavaThread "Memory manager" [_thread_blocked, id=14440, stack(0x00007fa20c8f1000,0x00007fa20c9f2000)]
  0x00007fa1c0623000 JavaThread "build operations Thread 4" [_thread_blocked, id=14406, stack(0x00007fa2071fc000,0x00007fa2072fd000)]
  0x00007fa1c0621000 JavaThread "build operations Thread 3" [_thread_blocked, id=14405, stack(0x00007fa2072fd000,0x00007fa2073fe000)]
  0x00007fa1c0620000 JavaThread "build operations Thread 2" [_thread_blocked, id=14404, stack(0x00007fa2073fe000,0x00007fa2074ff000)]
  0x00007fa1c061a000 JavaThread "build operations" [_thread_blocked, id=14403, stack(0x00007fa2074ff000,0x00007fa207600000)]
  0x00007fa1c04a5800 JavaThread "Cache worker for Artifact transforms cache (/home/joyal/.gradle/caches/transforms-1)" [_thread_blocked, id=14400, stack(0x00007fa20c06f000,0x00007fa20c170000)]
  0x00007fa1c021e800 JavaThread "Cache worker for file hash cache (/home/joyal/MyWorks/flutterProjects/mecbookswatch_app/android/.gradle/4.1/fileHashes)" [_thread_blocked, id=14385, stack(0x00007fa20c3ee000,0x00007fa20c4ef000)]
  0x00007fa1c011d800 JavaThread "File lock request listener" [_thread_in_native, id=14384, stack(0x00007fa20c4ef000,0x00007fa20c5f0000)]
  0x00007fa1c0107800 JavaThread "Cache worker for file hash cache (/home/joyal/.gradle/caches/4.1/fileHashes)" [_thread_blocked, id=14383, stack(0x00007fa20c5f0000,0x00007fa20c6f1000)]
  0x00007fa1c0004800 JavaThread "Asynchronous log dispatcher for DefaultDaemonConnection: socket connection from /0:0:0:0:0:0:0:1:38757 to /0:0:0:0:0:0:0:1:48086" [_thread_blocked, id=14381, stack(0x00007fa20c9f2000,0x00007fa20caf3000)]
  0x00007fa1d400a800 JavaThread "Daemon worker" [_thread_blocked, id=14377, stack(0x00007fa20caf3000,0x00007fa20cbf4000)]
  0x00007fa1d4006800 JavaThread "Cancel handler" [_thread_blocked, id=14376, stack(0x00007fa20cbf4000,0x00007fa20ccf5000)]
  0x00007fa1d4001800 JavaThread "Handler for socket connection from /0:0:0:0:0:0:0:1:38757 to /0:0:0:0:0:0:0:1:48086" [_thread_in_native, id=14375, stack(0x00007fa20ccf5000,0x00007fa20cdf6000)]
  0x00007fa1dc043000 JavaThread "Daemon" [_thread_blocked, id=14374, stack(0x00007fa20cdf6000,0x00007fa20cef7000)]
  0x00007fa22cd2a000 JavaThread "Daemon periodic checks" [_thread_blocked, id=14373, stack(0x00007fa20cef7000,0x00007fa20cff8000)]
  0x00007fa22cd0d000 JavaThread "Incoming local TCP Connector on port 38757" [_thread_in_native, id=14372, stack(0x00007fa214001000,0x00007fa214102000)]
  0x00007fa22c0c0800 JavaThread "Service Thread" daemon [_thread_blocked, id=14369, stack(0x00007fa21c722000,0x00007fa21c823000)]
  0x00007fa22c0bd800 JavaThread "C1 CompilerThread2" daemon [_thread_blocked, id=14368, stack(0x00007fa21c823000,0x00007fa21c924000)]
  0x00007fa22c0bb800 JavaThread "C2 CompilerThread1" daemon [_thread_blocked, id=14367, stack(0x00007fa21c924000,0x00007fa21ca25000)]
  0x00007fa22c0b8800 JavaThread "C2 CompilerThread0" daemon [_thread_blocked, id=14366, stack(0x00007fa21ca25000,0x00007fa21cb26000)]
  0x00007fa22c0b7000 JavaThread "Signal Dispatcher" daemon [_thread_blocked, id=14365, stack(0x00007fa21cb26000,0x00007fa21cc27000)]
  0x00007fa22c084800 JavaThread "Finalizer" daemon [_thread_blocked, id=14364, stack(0x00007fa21ceff000,0x00007fa21d000000)]
  0x00007fa22c080000 JavaThread "Reference Handler" daemon [_thread_blocked, id=14363, stack(0x00007fa23009a000,0x00007fa23019b000)]
  0x00007fa22c00a800 JavaThread "main" [_thread_blocked, id=14354, stack(0x00007fa235a46000,0x00007fa235b47000)]

Other Threads:
=>0x00007fa22c078000 VMThread [stack: 0x00007fa23019b000,0x00007fa23029c000] [id=14362]
  0x00007fa22c0c3000 WatcherThread [stack: 0x00007fa21c621000,0x00007fa21c722000] [id=14370]

VM state:at safepoint (normal execution)

VM Mutex/Monitor currently owned by a thread:  ([mutex/lock_event])
[0x00007fa22c006fc0] Threads_lock - owner thread: 0x00007fa22c078000
[0x00007fa22c0074c0] Heap_lock - owner thread: 0x00007fa1d400a800

Heap:
 PSYoungGen      total 90624K, used 9195K [0x00000000e0000000, 0x00000000e6500000, 0x0000000100000000)
  eden space 81408K, 0% used [0x00000000e0000000,0x00000000e0000000,0x00000000e4f80000)
  from space 9216K, 99% used [0x00000000e4f80000,0x00000000e587acf0,0x00000000e5880000)
  to   space 9216K, 0% used [0x00000000e5880000,0x00000000e5880000,0x00000000e6180000)
 ParOldGen       total 51712K, used 19400K [0x00000000a0000000, 0x00000000a3280000, 0x00000000e0000000)
  object space 51712K, 37% used [0x00000000a0000000,0x00000000a12f2260,0x00000000a3280000)
 Metaspace       used 44129K, capacity 45256K, committed 45656K, reserved 1089536K
  class space    used 6046K, capacity 6418K, committed 6528K, reserved 1048576K

Card table byte_map: [0x00007fa2325c7000,0x00007fa2328c8000] byte_map_base: 0x00007fa2320c7000

Marking Bits: (ParMarkBitMap*) 0x00007fa234f10440
 Begin Bits: [0x00007fa215000000, 0x00007fa216800000)
 End Bits:   [0x00007fa216800000, 0x00007fa218000000)

Polling page: 0x00007fa235b64000

CodeCache: size=245760Kb used=13063Kb max_used=13063Kb free=232696Kb
 bounds [0x00007fa21d000000, 0x00007fa21dcf0000, 0x00007fa22c000000]
 total_blobs=4503 nmethods=3777 adapters=639
 compilation: enabled

Compilation events (10 events):
Event: 300.412 Thread 0x00007fa22c0bd800 4321       3       com.sun.org.apache.xerces.internal.util.URI::isPathCharacter (24 bytes)
Event: 300.412 Thread 0x00007fa22c0bd800 nmethod 4321 0x00007fa21da70c10 code [0x00007fa21da70d80, 0x00007fa21da70f70]
Event: 300.412 Thread 0x00007fa22c0bd800 4322       3       com.sun.org.apache.xerces.internal.util.SymbolTable::hash (21 bytes)
Event: 300.413 Thread 0x00007fa22c0bd800 nmethod 4322 0x00007fa21da73ad0 code [0x00007fa21da73c60, 0x00007fa21da73ef8]
Event: 300.413 Thread 0x00007fa22c0bd800 4318       3       com.sun.org.apache.xerces.internal.util.SymbolHash::hash (31 bytes)
Event: 300.413 Thread 0x00007fa22c0bd800 nmethod 4318 0x00007fa21da73390 code [0x00007fa21da73520, 0x00007fa21da739d8]
Event: 300.413 Thread 0x00007fa22c0bd800 4320       3       com.sun.org.apache.xerces.internal.impl.XMLEntityScanner::checkNodeCount (22 bytes)
Event: 300.414 Thread 0x00007fa22c0bd800 nmethod 4320 0x00007fa21da72f10 code [0x00007fa21da73080, 0x00007fa21da732c8]
Event: 300.414 Thread 0x00007fa22c0bd800 4319       3       com.sun.org.apache.xerces.internal.util.DOMUtil::getValue (7 bytes)
Event: 300.414 Thread 0x00007fa22c0bd800 nmethod 4319 0x00007fa21da72b50 code [0x00007fa21da72cc0, 0x00007fa21da72e50]

GC Heap History (10 events):
Event: 26.075 GC heap after
Heap after GC invocations=10 (full 1):
 PSYoungGen      total 59904K, used 5430K [0x00000000e0000000, 0x00000000e4d80000, 0x0000000100000000)
  eden space 51712K, 0% used [0x00000000e0000000,0x00000000e0000000,0x00000000e3280000)
  from space 8192K, 66% used [0x00000000e3280000,0x00000000e37cda98,0x00000000e3a80000)
  to   space 8192K, 0% used [0x00000000e4580000,0x00000000e4580000,0x00000000e4d80000)
 ParOldGen       total 35840K, used 7843K [0x00000000a0000000, 0x00000000a2300000, 0x00000000e0000000)
  object space 35840K, 21% used [0x00000000a0000000,0x00000000a07a8f18,0x00000000a2300000)
 Metaspace       used 26767K, capacity 27058K, committed 27136K, reserved 1073152K
  class space    used 3711K, capacity 3834K, committed 3840K, reserved 1048576K
}
Event: 78.403 GC heap before
{Heap before GC invocations=11 (full 1):
 PSYoungGen      total 59904K, used 57142K [0x00000000e0000000, 0x00000000e4d80000, 0x0000000100000000)
  eden space 51712K, 100% used [0x00000000e0000000,0x00000000e3280000,0x00000000e3280000)
  from space 8192K, 66% used [0x00000000e3280000,0x00000000e37cda98,0x00000000e3a80000)
  to   space 8192K, 0% used [0x00000000e4580000,0x00000000e4580000,0x00000000e4d80000)
 ParOldGen       total 35840K, used 7843K [0x00000000a0000000, 0x00000000a2300000, 0x00000000e0000000)
  object space 35840K, 21% used [0x00000000a0000000,0x00000000a07a8f18,0x00000000a2300000)
 Metaspace       used 31697K, capacity 32312K, committed 32640K, reserved 1077248K
  class space    used 4387K, capacity 4615K, committed 4736K, reserved 1048576K
Event: 78.470 GC heap after
Heap after GC invocations=11 (full 1):
 PSYoungGen      total 69632K, used 8185K [0x00000000e0000000, 0x00000000e5800000, 0x0000000100000000)
  eden space 61440K, 0% used [0x00000000e0000000,0x00000000e0000000,0x00000000e3c00000)
  from space 8192K, 99% used [0x00000000e4580000,0x00000000e4d7e698,0x00000000e4d80000)
  to   space 9728K, 0% used [0x00000000e3c00000,0x00000000e3c00000,0x00000000e4580000)
 ParOldGen       total 35840K, used 8741K [0x00000000a0000000, 0x00000000a2300000, 0x00000000e0000000)
  object space 35840K, 24% used [0x00000000a0000000,0x00000000a0889580,0x00000000a2300000)
 Metaspace       used 31697K, capacity 32312K, committed 32640K, reserved 1077248K
  class space    used 4387K, capacity 4615K, committed 4736K, reserved 1048576K
}
Event: 88.041 GC heap before
{Heap before GC invocations=12 (full 1):
 PSYoungGen      total 69632K, used 32829K [0x00000000e0000000, 0x00000000e5800000, 0x0000000100000000)
  eden space 61440K, 40% used [0x00000000e0000000,0x00000000e1811068,0x00000000e3c00000)
  from space 8192K, 99% used [0x00000000e4580000,0x00000000e4d7e698,0x00000000e4d80000)
  to   space 9728K, 0% used [0x00000000e3c00000,0x00000000e3c00000,0x00000000e4580000)
 ParOldGen       total 35840K, used 8741K [0x00000000a0000000, 0x00000000a2300000, 0x00000000e0000000)
  object space 35840K, 24% used [0x00000000a0000000,0x00000000a0889580,0x00000000a2300000)
 Metaspace       used 34712K, capacity 35342K, committed 35416K, reserved 1079296K
  class space    used 4762K, capacity 4984K, committed 4992K, reserved 1048576K
Event: 88.059 GC heap after
Heap after GC invocations=12 (full 1):
 PSYoungGen      total 71168K, used 5803K [0x00000000e0000000, 0x00000000e6180000, 0x0000000100000000)
  eden space 61440K, 0% used [0x00000000e0000000,0x00000000e0000000,0x00000000e3c00000)
  from space 9728K, 59% used [0x00000000e3c00000,0x00000000e41aad10,0x00000000e4580000)
  to   space 9216K, 0% used [0x00000000e5880000,0x00000000e5880000,0x00000000e6180000)
 ParOldGen       total 35840K, used 11745K [0x00000000a0000000, 0x00000000a2300000, 0x00000000e0000000)
  object space 35840K, 32% used [0x00000000a0000000,0x00000000a0b78740,0x00000000a2300000)
 Metaspace       used 34712K, capacity 35342K, committed 35416K, reserved 1079296K
  class space    used 4762K, capacity 4984K, committed 4992K, reserved 1048576K
}
Event: 88.059 GC heap before
{Heap before GC invocations=13 (full 2):
 PSYoungGen      total 71168K, used 5803K [0x00000000e0000000, 0x00000000e6180000, 0x0000000100000000)
  eden space 61440K, 0% used [0x00000000e0000000,0x00000000e0000000,0x00000000e3c00000)
  from space 9728K, 59% used [0x00000000e3c00000,0x00000000e41aad10,0x00000000e4580000)
  to   space 9216K, 0% used [0x00000000e5880000,0x00000000e5880000,0x00000000e6180000)
 ParOldGen       total 35840K, used 11745K [0x00000000a0000000, 0x00000000a2300000, 0x00000000e0000000)
  object space 35840K, 32% used [0x00000000a0000000,0x00000000a0b78740,0x00000000a2300000)
 Metaspace       used 34712K, capacity 35342K, committed 35416K, reserved 1079296K
  class space    used 4762K, capacity 4984K, committed 4992K, reserved 1048576K
Event: 88.213 GC heap after
Heap after GC invocations=13 (full 2):
 PSYoungGen      total 71168K, used 0K [0x00000000e0000000, 0x00000000e6180000, 0x0000000100000000)
  eden space 61440K, 0% used [0x00000000e0000000,0x00000000e0000000,0x00000000e3c00000)
  from space 9728K, 0% used [0x00000000e3c00000,0x00000000e3c00000,0x00000000e4580000)
  to   space 9216K, 0% used [0x00000000e5880000,0x00000000e5880000,0x00000000e6180000)
 ParOldGen       total 51712K, used 15105K [0x00000000a0000000, 0x00000000a3280000, 0x00000000e0000000)
  object space 51712K, 29% used [0x00000000a0000000,0x00000000a0ec0658,0x00000000a3280000)
 Metaspace       used 34712K, capacity 35342K, committed 35416K, reserved 1079296K
  class space    used 4762K, capacity 4984K, committed 4992K, reserved 1048576K
}
Event: 91.243 GC heap before
{Heap before GC invocations=14 (full 2):
 PSYoungGen      total 71168K, used 61440K [0x00000000e0000000, 0x00000000e6180000, 0x0000000100000000)
  eden space 61440K, 100% used [0x00000000e0000000,0x00000000e3c00000,0x00000000e3c00000)
  from space 9728K, 0% used [0x00000000e3c00000,0x00000000e3c00000,0x00000000e4580000)
  to   space 9216K, 0% used [0x00000000e5880000,0x00000000e5880000,0x00000000e6180000)
 ParOldGen       total 51712K, used 15105K [0x00000000a0000000, 0x00000000a3280000, 0x00000000e0000000)
  object space 51712K, 29% used [0x00000000a0000000,0x00000000a0ec0658,0x00000000a3280000)
 Metaspace       used 38023K, capacity 38682K, committed 38872K, reserved 1083392K
  class space    used 5134K, capacity 5358K, committed 5376K, reserved 1048576K
Event: 91.279 GC heap after
Heap after GC invocations=14 (full 2):
 PSYoungGen      total 90624K, used 5366K [0x00000000e0000000, 0x00000000e6500000, 0x0000000100000000)
  eden space 81408K, 0% used [0x00000000e0000000,0x00000000e0000000,0x00000000e4f80000)
  from space 9216K, 58% used [0x00000000e5880000,0x00000000e5dbd890,0x00000000e6180000)
  to   space 9216K, 0% used [0x00000000e4f80000,0x00000000e4f80000,0x00000000e5880000)
 ParOldGen       total 51712K, used 15113K [0x00000000a0000000, 0x00000000a3280000, 0x00000000e0000000)
  object space 51712K, 29% used [0x00000000a0000000,0x00000000a0ec2658,0x00000000a3280000)
 Metaspace       used 38023K, capacity 38682K, committed 38872K, reserved 1083392K
  class space    used 5134K, capacity 5358K, committed 5376K, reserved 1048576K
}
Event: 300.475 GC heap before
{Heap before GC invocations=15 (full 2):
 PSYoungGen      total 90624K, used 86774K [0x00000000e0000000, 0x00000000e6500000, 0x0000000100000000)
  eden space 81408K, 100% used [0x00000000e0000000,0x00000000e4f80000,0x00000000e4f80000)
  from space 9216K, 58% used [0x00000000e5880000,0x00000000e5dbd890,0x00000000e6180000)
  to   space 9216K, 0% used [0x00000000e4f80000,0x00000000e4f80000,0x00000000e5880000)
 ParOldGen       total 51712K, used 15113K [0x00000000a0000000, 0x00000000a3280000, 0x00000000e0000000)
  object space 51712K, 29% used [0x00000000a0000000,0x00000000a0ec2658,0x00000000a3280000)
 Metaspace       used 44129K, capacity 45256K, committed 45656K, reserved 1089536K
  class space    used 6046K, capacity 6418K, committed 6528K, reserved 1048576K

Deoptimization events (10 events):
Event: 89.458 Thread 0x00007fa1d400a800 Uncommon trap: reason=unstable_if action=reinterpret pc=0x00007fa21d8fe224 method=java.util.LinkedHashMap.get(Ljava/lang/Object;)Ljava/lang/Object; @ 20
Event: 89.977 Thread 0x00007fa1d400a800 Uncommon trap: reason=unstable_if action=reinterpret pc=0x00007fa21d179490 method=org.gradle.internal.reflect.PropertyAccessorType.of(Ljava/lang/reflect/Method;)Lorg/gradle/internal/reflect/PropertyAccessorType; @ 56
Event: 91.131 Thread 0x00007fa1d400a800 Uncommon trap: reason=unstable_if action=reinterpret pc=0x00007fa21dac65d0 method=java.util.jar.JarFile.getInputStream(Ljava/util/zip/ZipEntry;)Ljava/io/InputStream; @ 21
Event: 91.151 Thread 0x00007fa1d400a800 Uncommon trap: reason=unstable_if action=reinterpret pc=0x00007fa21da5cca0 method=java.security.CodeSource.matchCerts(Ljava/security/CodeSource;Z)Z @ 11
Event: 91.151 Thread 0x00007fa1d400a800 Uncommon trap: reason=unstable_if action=reinterpret pc=0x00007fa21db004f4 method=java.lang.ClassLoader.compareCerts([Ljava/security/cert/Certificate;[Ljava/security/cert/Certificate;)Z @ 1
Event: 259.351 Thread 0x00007fa1d400a800 Uncommon trap: reason=class_check action=maybe_recompile pc=0x00007fa21d4cbc94 method=java.io.DataInputStream.readUnsignedShort()I @ 4
Event: 259.354 Thread 0x00007fa1d400a800 Uncommon trap: reason=class_check action=maybe_recompile pc=0x00007fa21d4cbc94 method=java.io.DataInputStream.readUnsignedShort()I @ 4
Event: 259.354 Thread 0x00007fa1d400a800 Uncommon trap: reason=class_check action=maybe_recompile pc=0x00007fa21d4cbc94 method=java.io.DataInputStream.readUnsignedShort()I @ 4
Event: 259.354 Thread 0x00007fa1d400a800 Uncommon trap: reason=class_check action=maybe_recompile pc=0x00007fa21d4cbc94 method=java.io.DataInputStream.readUnsignedShort()I @ 4
Event: 261.387 Thread 0x00007fa1d400a800 Uncommon trap: reason=unstable_if action=reinterpret pc=0x00007fa21d8fb604 method=java.io.DataInputStream.readUTF(Ljava/io/DataInput;)Ljava/lang/String; @ 31

Classes redefined (0 events):
No events

Internal exceptions (10 events):
Event: 251.635 Thread 0x00007fa1c0ae0000 Exception <a 'java/io/IOException'> (0x00000000e488b800) thrown at [/usr/local/google/home/ralucas/source/AOSP-openjdk-git/jdk8u/hotspot/src/share/vm/prims/jni.cpp, line 709]
Event: 256.794 Thread 0x00007fa1c0ae0000 Exception <a 'java/io/IOException'> (0x00000000e48940a8) thrown at [/usr/local/google/home/ralucas/source/AOSP-openjdk-git/jdk8u/hotspot/src/share/vm/prims/jni.cpp, line 709]
Event: 261.745 Thread 0x00007fa1c0ae0000 Exception <a 'java/io/IOException'> (0x00000000e489c950) thrown at [/usr/local/google/home/ralucas/source/AOSP-openjdk-git/jdk8u/hotspot/src/share/vm/prims/jni.cpp, line 709]
Event: 266.471 Thread 0x00007fa1c0ae0000 Exception <a 'java/io/IOException'> (0x00000000e48a51f8) thrown at [/usr/local/google/home/ralucas/source/AOSP-openjdk-git/jdk8u/hotspot/src/share/vm/prims/jni.cpp, line 709]
Event: 272.599 Thread 0x00007fa1c0ae0000 Exception <a 'java/io/IOException'> (0x00000000e4ecce80) thrown at [/usr/local/google/home/ralucas/source/AOSP-openjdk-git/jdk8u/hotspot/src/share/vm/prims/jni.cpp, line 709]
Event: 276.433 Thread 0x00007fa1c0ae0000 Exception <a 'java/io/IOException'> (0x00000000e4ed5728) thrown at [/usr/local/google/home/ralucas/source/AOSP-openjdk-git/jdk8u/hotspot/src/share/vm/prims/jni.cpp, line 709]
Event: 281.932 Thread 0x00007fa1c0ae0000 Exception <a 'java/io/IOException'> (0x00000000e4eddfd0) thrown at [/usr/local/google/home/ralucas/source/AOSP-openjdk-git/jdk8u/hotspot/src/share/vm/prims/jni.cpp, line 709]
Event: 291.425 Thread 0x00007fa1c0ae0000 Exception <a 'java/io/IOException'> (0x00000000e4ee6878) thrown at [/usr/local/google/home/ralucas/source/AOSP-openjdk-git/jdk8u/hotspot/src/share/vm/prims/jni.cpp, line 709]
Event: 291.449 Thread 0x00007fa1c0ae0000 Exception <a 'java/io/IOException'> (0x00000000e4eef100) thrown at [/usr/local/google/home/ralucas/source/AOSP-openjdk-git/jdk8u/hotspot/src/share/vm/prims/jni.cpp, line 709]
Event: 297.470 Thread 0x00007fa1c0ae0000 Exception <a 'java/io/IOException'> (0x00000000e4ef79a8) thrown at [/usr/local/google/home/ralucas/source/AOSP-openjdk-git/jdk8u/hotspot/src/share/vm/prims/jni.cpp, line 709]

Events (10 events):
Event: 299.862 loading class com/sun/org/apache/xerces/internal/impl/dtd/models/CMStateSet done
Event: 299.862 loading class com/sun/org/apache/xerces/internal/impl/xs/models/XSCMRepeatingLeaf
Event: 299.862 loading class com/sun/org/apache/xerces/internal/impl/xs/models/XSCMRepeatingLeaf done
Event: 299.864 loading class com/sun/org/apache/xerces/internal/impl/xs/models/XSAllCM
Event: 299.867 loading class com/sun/org/apache/xerces/internal/impl/xs/models/XSAllCM done
Event: 300.072 loading class com/sun/org/apache/xerces/internal/dom/DOMInputImpl
Event: 300.141 loading class org/w3c/dom/ls/LSInput
Event: 300.217 loading class org/w3c/dom/ls/LSInput done
Event: 300.217 loading class com/sun/org/apache/xerces/internal/dom/DOMInputImpl done
Event: 300.466 Executing VM operation: ParallelGCFailedAllocation


Dynamic libraries:
00400000-00401000 r-xp 00000000 08:08 801284                             /home/joyal/Documents/android-studio/jre/bin/java
00600000-00601000 r--p 00000000 08:08 801284                             /home/joyal/Documents/android-studio/jre/bin/java
00601000-00602000 rw-p 00001000 08:08 801284                             /home/joyal/Documents/android-studio/jre/bin/java
01b97000-01bb8000 rw-p 00000000 00:00 0                                  [heap]
a0000000-a3280000 rw-p 00000000 00:00 0 
a3280000-e0000000 ---p 00000000 00:00 0 
e0000000-e6500000 rw-p 00000000 00:00 0 
e8200000-100000000 ---p 00000000 00:00 0 
100000000-100660000 rw-p 00000000 00:00 0 
100660000-140000000 ---p 00000000 00:00 0 
7fa198000000-7fa198021000 rw-p 00000000 00:00 0 
7fa198021000-7fa19c000000 ---p 00000000 00:00 0 
7fa1a0000000-7fa1a0021000 rw-p 00000000 00:00 0 
7fa1a0021000-7fa1a4000000 ---p 00000000 00:00 0 
7fa1a4000000-7fa1a4021000 rw-p 00000000 00:00 0 
7fa1a4021000-7fa1a8000000 ---p 00000000 00:00 0 
7fa1a8000000-7fa1a8021000 rw-p 00000000 00:00 0 
7fa1a8021000-7fa1ac000000 ---p 00000000 00:00 0 
7fa1ac000000-7fa1ac021000 rw-p 00000000 00:00 0 
7fa1ac021000-7fa1b0000000 ---p 00000000 00:00 0 
7fa1b0000000-7fa1b0021000 rw-p 00000000 00:00 0 
7fa1b0021000-7fa1b4000000 ---p 00000000 00:00 0 
7fa1b4000000-7fa1b4021000 rw-p 00000000 00:00 0 
7fa1b4021000-7fa1b8000000 ---p 00000000 00:00 0 
7fa1b8000000-7fa1b8021000 rw-p 00000000 00:00 0 
7fa1b8021000-7fa1bc000000 ---p 00000000 00:00 0 
7fa1bc000000-7fa1bc027000 rw-p 00000000 00:00 0 
7fa1bc027000-7fa1c0000000 ---p 00000000 00:00 0 
7fa1c0000000-7fa1c10d1000 rw-p 00000000 00:00 0 
7fa1c10d1000-7fa1c4000000 ---p 00000000 00:00 0 
7fa1c4000000-7fa1c4281000 rw-p 00000000 00:00 0 
7fa1c4281000-7fa1c8000000 ---p 00000000 00:00 0 
7fa1c8000000-7fa1c8027000 rw-p 00000000 00:00 0 
7fa1c8027000-7fa1cc000000 ---p 00000000 00:00 0 
7fa1cc000000-7fa1cc021000 rw-p 00000000 00:00 0 
7fa1cc021000-7fa1d0000000 ---p 00000000 00:00 0 
7fa1d0000000-7fa1d0021000 rw-p 00000000 00:00 0 
7fa1d0021000-7fa1d4000000 ---p 00000000 00:00 0 
7fa1d4000000-7fa1d4021000 rw-p 00000000 00:00 0 
7fa1d4021000-7fa1d8000000 ---p 00000000 00:00 0 
7fa1d8000000-7fa1d8021000 rw-p 00000000 00:00 0 
7fa1d8021000-7fa1dc000000 ---p 00000000 00:00 0 
7fa1dc000000-7fa1dc078000 rw-p 00000000 00:00 0 
7fa1dc078000-7fa1e0000000 ---p 00000000 00:00 0 
7fa1e0000000-7fa1e0667000 rw-p 00000000 00:00 0 
7fa1e0667000-7fa1e4000000 ---p 00000000 00:00 0 
7fa1e4000000-7fa1e4021000 rw-p 00000000 00:00 0 
7fa1e4021000-7fa1e8000000 ---p 00000000 00:00 0 
7fa1e8000000-7fa1ea196000 rw-p 00000000 00:00 0 
7fa1ea196000-7fa1ec000000 ---p 00000000 00:00 0 
7fa1ec000000-7fa1ee2af000 rw-p 00000000 00:00 0 
7fa1ee2af000-7fa1f0000000 ---p 00000000 00:00 0 
7fa1f0000000-7fa1f0021000 rw-p 00000000 00:00 0 
7fa1f0021000-7fa1f4000000 ---p 00000000 00:00 0 
7fa1f4000000-7fa1f4021000 rw-p 00000000 00:00 0 
7fa1f4021000-7fa1f8000000 ---p 00000000 00:00 0 
7fa1f8000000-7fa1f8288000 rw-p 00000000 00:00 0 
7fa1f8288000-7fa1fc000000 ---p 00000000 00:00 0 
7fa1fc000000-7fa1fc021000 rw-p 00000000 00:00 0 
7fa1fc021000-7fa200000000 ---p 00000000 00:00 0 
7fa200000000-7fa200021000 rw-p 00000000 00:00 0 
7fa200021000-7fa204000000 ---p 00000000 00:00 0 
7fa205e61000-7fa205ea1000 rw-p 00000000 00:00 0 
7fa205ea1000-7fa206061000 ---p 00000000 00:00 0 
7fa206061000-7fa206261000 rw-p 00000000 00:00 0 
7fa206261000-7fa206273000 r--s 00345000 08:08 801399                     /home/joyal/Documents/android-studio/jre/jre/lib/resources.jar
7fa206273000-7fa206473000 rw-p 00000000 00:00 0 
7fa206473000-7fa206474000 r--s 00000000 08:08 164216                     /home/joyal/.gradle/caches/modules-2/files-2.1/com.android.tools.build/transform-api/2.0.0-deprecated-use-gradle-api/85bee1acea9e27152b920746c68133b30b11431/transform-api-2.0.0-deprecated-use-gradle-api.jar
7fa206474000-7fa206674000 rw-p 00000000 00:00 0 
7fa206674000-7fa206677000 r--s 00015000 08:08 801406                     /home/joyal/Documents/android-studio/jre/jre/lib/jce.jar
7fa206677000-7fa206877000 rw-p 00000000 00:00 0 
7fa206877000-7fa206a6d000 rw-p 00000000 00:00 0 
7fa206a6d000-7fa206a77000 ---p 00000000 00:00 0 
7fa206a77000-7fa206c77000 rw-p 00000000 00:00 0 
7fa206c77000-7fa206c82000 r--s 00081000 08:08 164214                     /home/joyal/.gradle/caches/modules-2/files-2.1/org.jetbrains.trove4j/trove4j/20160824/33c3e174a9c8368d93761d3d12712db18e903959/trove4j-20160824.jar
7fa206c82000-7fa206d05000 r--s 00758000 08:08 164213                     /home/joyal/.gradle/caches/modules-2/files-2.1/com.android.tools.external.com-intellij/intellij-core/26.0.1/a373ed549821cb9a932b87c79792790f6d018727/intellij-core-26.0.1.jar
7fa206d05000-7fa206d0b000 r--s 00033000 08:08 170861                     /home/joyal/.gradle/caches/modules-2/files-2.1/commons-codec/commons-codec/1.6/b7f0fc8f61ecadeb3695f0b9464755eee44374d4/commons-codec-1.6.jar
7fa206d0b000-7fa206d0d000 r--s 0000d000 08:08 170860                     /home/joyal/.gradle/caches/modules-2/files-2.1/commons-logging/commons-logging/1.1.1/5043bfebc3db072ed80fbd362e7caf00e885d8ae/commons-logging-1.1.1.jar
7fa206d0d000-7fa206d13000 r--s 00032000 08:08 170859                     /home/joyal/.gradle/caches/modules-2/files-2.1/org.apache.httpcomponents/httpcore/4.2.5/472f0f5f8dba5d1962cb9d7739feed739a31c30d/httpcore-4.2.5.jar
7fa206d13000-7fa206d14000 r--s 00004000 08:08 164212                     /home/joyal/.gradle/caches/modules-2/files-2.1/com.intellij/annotations/12.0/bbcf6448f6d40abe506e2c83b70a3e8bfd2b4539/annotations-12.0.jar
7fa206d14000-7fa206d15000 r--s 00000000 08:08 170851                     /home/joyal/.gradle/caches/modules-2/files-2.1/org.codehaus.mojo/animal-sniffer-annotations/1.14/775b7e22fb10026eed3f86e8dc556dfafe35f2d5/animal-sniffer-annotations-1.14.jar
7fa206d15000-7fa206d17000 r--s 00001000 08:08 170850                     /home/joyal/.gradle/caches/modules-2/files-2.1/com.google.j2objc/j2objc-annotations/1.1/976d8d30bebc251db406f2bdb3eb01962b5685b3/j2objc-annotations-1.1.jar
7fa206d17000-7fa206d18000 r--s 00002000 08:08 164211                     /home/joyal/.gradle/caches/modules-2/files-2.1/com.google.errorprone/error_prone_annotations/2.0.18/5f65affce1684999e2f4024983835efc3504012e/error_prone_annotations-2.0.18.jar
7fa206d18000-7fa206d1b000 r--s 00006000 08:08 170849                     /home/joyal/.gradle/caches/modules-2/files-2.1/com.google.code.findbugs/jsr305/1.3.9/40719ea6961c0cb6afaeb6a921eaa1f6afd4cfdf/jsr305-1.3.9.jar
7fa206d1b000-7fa206d1c000 r--s 0000a000 08:08 170855                     /home/joyal/.gradle/caches/modules-2/files-2.1/net.sf.kxml/kxml2/2.3.0/ccbc77a5fd907ef863c29f3596c6f54ffa4e9442/kxml2-2.3.0.jar
7fa206d1c000-7fa206d1e000 r--s 00005000 08:08 170854                     /home/joyal/.gradle/caches/modules-2/files-2.1/org.apache.httpcomponents/httpmime/4.1/9ba2dcdf94ce35c8a8e9bff242db0618ca932e92/httpmime-4.1.jar
7fa206d1e000-7fa206d28000 r--s 00061000 08:08 170853                     /home/joyal/.gradle/caches/modules-2/files-2.1/org.apache.httpcomponents/httpclient/4.2.6/e4ca30a6a3a075053a61c6fc850d2432dc012ba7/httpclient-4.2.6.jar
7fa206d28000-7fa206d31000 r--s 00064000 08:08 170852                     /home/joyal/.gradle/caches/modules-2/files-2.1/org.apache.commons/commons-compress/1.12/84caa68576e345eb5e7ae61a0e5a9229eb100d7b/commons-compress-1.12.jar
7fa206d31000-7fa206d36000 r--s 0002e000 08:08 164210                     /home/joyal/.gradle/caches/modules-2/files-2.1/com.google.code.gson/gson/2.3/5fc52c41ef0239d1093a1eb7c3697036183677ce/gson-2.3.jar
7fa206d36000-7fa206d46000 r--s 000d6000 08:08 170848                     /home/joyal/.gradle/caches/modules-2/files-2.1/net.sf.proguard/proguard-base/5.3.3/988b6b0636ce343d4962b3b37f6319dcc6e99a61/proguard-base-5.3.3.jar
7fa206d46000-7fa206d48000 r--s 00003000 08:08 170856                     /home/joyal/.gradle/caches/modules-2/files-2.1/org.jetbrains/annotations/13.0/919f0dfe192fb4e063e7dacadee7f8bb9a2672a9/annotations-13.0.jar
7fa206d48000-7fa206d49000 r--s 00001000 08:08 164209                     /home/joyal/.gradle/caches/modules-2/files-2.1/com.android.tools/annotations/26.0.1/29012758503f56c7dc0714eda494f7f140fd3db8/annotations-26.0.1.jar
7fa206d49000-7fa206d4c000 r--s 00033000 08:08 170842                     /home/joyal/.gradle/caches/modules-2/files-2.1/com.googlecode.juniversalchardet/juniversalchardet/1.0.3/cd49678784c46aa8789c060538e0154013bb421b/juniversalchardet-1.0.3.jar
7fa206d4c000-7fa206d50000 r--s 0002a000 08:08 170841                     /home/joyal/.gradle/caches/modules-2/files-2.1/commons-io/commons-io/2.4/b1b6ea3b7e4aa4f492509a4952029cd8e48019ad/commons-io-2.4.jar
7fa206d50000-7fa206d67000 r--s 00154000 08:08 170840                     /home/joyal/.gradle/caches/modules-2/files-2.1/org.antlr/antlr4/4.5.3/f35db7e4b2446e4174ba6a73db7bd6b3e6bb5da1/antlr4-4.5.3.jar
7fa206d67000-7fa206d68000 r--s 00003000 08:08 164208                     /home/joyal/.gradle/caches/modules-2/files-2.1/com.android.databinding/baseLibrary/3.0.1/cc0483d84342e82c261aeb5fd0ef2f876b587489/baseLibrary-3.0.1.jar
7fa206d68000-7fa206d98000 r--s 00245000 08:08 170826                     /home/joyal/.gradle/caches/modules-2/files-2.1/com.google.guava/guava/22.0/3564ef3803de51fb0530a8377ec6100b33b0d073/guava-22.0.jar
7fa206d98000-7fa206da0000 r--s 000a8000 08:08 164207                     /home/joyal/.gradle/caches/modules-2/files-2.1/com.android.tools.external.lombok/lombok-ast/0.2.3/528b6f8bde3157f17530aa366631f2aad2a6cf9/lombok-ast-0.2.3.jar
7fa206da0000-7fa206da4000 r--s 0002f000 08:08 170825                     /home/joyal/.gradle/caches/modules-2/files-2.1/com.google.jimfs/jimfs/1.1/8fbd0579dc68aba6186935cc1bee21d2f3e7ec1c/jimfs-1.1.jar
7fa206da4000-7fa206db7000 r--s 00241000 08:08 164206                     /home/joyal/.gradle/caches/modules-2/files-2.1/org.eclipse.jdt.core.compiler/ecj/4.6.1/5555607add54eb79c5a0729134e663fe2e6300c2/ecj-4.6.1.jar
7fa206db7000-7fa206db8000 r--s 00003000 08:08 170837                     /home/joyal/.gradle/caches/modules-2/files-2.1/com.googlecode.json-simple/json-simple/1.1/5e303a03d04e6788dddfa3655272580ae0fc13bb/json-simple-1.1.jar
7fa206db8000-7fa206edd000 r--s 00f5d000 08:08 170836                     /home/joyal/.gradle/caches/modules-2/files-2.1/it.unimi.dsi/fastutil/7.2.0/5ad3a2bb04143f70aa0765fc29fc29571a7d6b34/fastutil-7.2.0.jar
7fa206edd000-7fa206f28000 r--s 002ff000 08:08 170835                     /home/joyal/.gradle/caches/modules-2/files-2.1/org.bouncycastle/bcprov-jdk15on/1.56/a153c6f9744a3e9dd6feab5e210e1c9861362ec7/bcprov-jdk15on-1.56.jar
7fa206f28000-7fa206f39000 r--s 00097000 08:08 170834                     /home/joyal/.gradle/caches/modules-2/files-2.1/org.bouncycastle/bcpkix-jdk15on/1.56/4648af70268b6fdb24674fb1fd7c1fcc73db1231/bcpkix-jdk15on-1.56.jar
7fa206f39000-7fa206f3b000 r--s 00002000 08:08 170833                     /home/joyal/.gradle/caches/modules-2/files-2.1/com.squareup/javawriter/2.5.0/81241ff7078ef14f42ea2a8995fa09c096256e6b/javawriter-2.5.0.jar
7fa206f3b000-7fa206f40000 r--s 0003b000 08:08 164205                     /home/joyal/.gradle/caches/modules-2/files-2.1/com.android.tools.build/apksig/3.0.1/535b9323a1bd47e3a9c860d11f4e11a80db13f2b/apksig-3.0.1.jar
7fa206f40000-7fa206f43000 r--s 00024000 08:08 164204                     /home/joyal/.gradle/caches/modules-2/files-2.1/com.android.tools/common/26.0.1/38e362a43a905b6745d609bea37faddb0c5bffab/common-26.0.1.jar
7fa206f43000-7fa206f45000 r--s 00006000 08:08 164203                     /home/joyal/.gradle/caches/modules-2/files-2.1/com.android.tools/dvlib/26.0.1/46f3eeaf812811374b4ea2c49ad52687a7ff6a87/dvlib-26.0.1.jar
7fa206f45000-7fa206f48000 r--s 00014000 08:08 164202                     /home/joyal/.gradle/caches/modules-2/files-2.1/com.android.tools.layoutlib/layoutlib-api/26.0.1/4eb1f46803873ff996f2457d1dd64c5c305818d8/layoutlib-api-26.0.1.jar
7fa206f48000-7fa206f4d000 r--s 0004d000 08:08 164201                     /home/joyal/.gradle/caches/modules-2/files-2.1/com.android.tools.ddms/ddmlib/26.0.1/d4bcdb3a578812688ccc34f1359702601fea955d/ddmlib-26.0.1.jar
7fa206f4d000-7fa206f4e000 r--s 00003000 08:08 164200                     /home/joyal/.gradle/caches/modules-2/files-2.1/com.android.tools.build/builder-test-api/3.0.1/5f084a2888a7f638c4c89c3278760345b1fb4c8/builder-test-api-3.0.1.jar
7fa206f4e000-7fa206f51000 r--s 00007000 08:08 164198                     /home/joyal/.gradle/caches/modules-2/files-2.1/com.android.tools.build/builder-model/3.0.1/e9de7e34339a8eb90fda30ac6bf580d5f2c4f282/builder-model-3.0.1.jar
7fa206f51000-7fa206f60000 r--s 00130000 08:08 164199                     /home/joyal/.gradle/caches/modules-2/files-2.1/com.google.protobuf/protobuf-java/3.0.0/6d325aa7c921661d84577c0a93d82da4df9fa4c8/protobuf-java-3.0.0.jar
7fa206f60000-7fa206f73000 r--s 001a8000 08:08 164197                     /home/joyal/.gradle/caches/modules-2/files-2.1/com.android.tools.analytics-library/protos/26.0.1/7719e7ed7498e25ec555bdfcb7a4de0e88a47ea/protos-26.0.1.jar
7fa206f73000-7fa206f74000 r--s 00005000 08:08 164196                     /home/joyal/.gradle/caches/modules-2/files-2.1/com.android.tools.analytics-library/shared/26.0.1/5cfc3811c2fd6cddfce2ec1bb5fbbec87e0fc462/shared-26.0.1.jar
7fa206f74000-7fa207174000 rw-p 00000000 00:00 0 
7fa207174000-7fa207176000 r--s 00004000 08:08 164195                     /home/joyal/.gradle/caches/modules-2/files-2.1/com.android.tools.analytics-library/tracker/26.0.1/15f0c0560c8a97700651d2dd5219937baa80c166/tracker-26.0.1.jar
7fa207176000-7fa207178000 r--s 00002000 08:08 170815                     /home/joyal/.gradle/caches/modules-2/files-2.1/net.sf.proguard/proguard-gradle/5.3.3/ad23a0505f58d0dfc95bb1472decc397460406c9/proguard-gradle-5.3.3.jar
7fa207178000-7fa20717a000 r--s 0000f000 08:08 170814                     /home/joyal/.gradle/caches/modules-2/files-2.1/net.sf.jopt-simple/jopt-simple/4.9/ee9e9eaa0a35360dcfeac129ff4923215fd65904/jopt-simple-4.9.jar
7fa20717a000-7fa20717e000 r--s 0001e000 08:08 164194                     /home/joyal/.gradle/caches/modules-2/files-2.1/org.jacoco/org.jacoco.core/0.7.4.201502262128/31482f50411a3a5769b6c78fa9b97ba731c205e7/org.jacoco.core-0.7.4.201502262128.jar
7fa20717e000-7fa207181000 r--s 00020000 08:08 164193                     /home/joyal/.gradle/caches/modules-2/files-2.1/org.jacoco/org.jacoco.report/0.7.4.201502262128/5c6bb5f95ae695dc4510b95f7d5ad0397e4881ad/org.jacoco.report-0.7.4.201502262128.jar
7fa207181000-7fa207183000 r--s 0000c000 08:08 170813                     /home/joyal/.gradle/caches/modules-2/files-2.1/org.ow2.asm/asm/5.1/5ef31c4fe953b1fd00b8a88fa1d6820e8785bb45/asm-5.1.jar
7fa207183000-7fa207185000 r--s 00006000 08:08 170812                     /home/joyal/.gradle/caches/modules-2/files-2.1/org.ow2.asm/asm-tree/5.1/87b38c12a0ea645791ead9d3e74ae5268d1d6c34/asm-tree-5.1.jar
7fa207185000-7fa207186000 r--s 0000a000 08:08 170811                     /home/joyal/.gradle/caches/modules-2/files-2.1/org.ow2.asm/asm-util/5.1/b60e33a6bd0d71831e0c249816d01e6c1dd90a47/asm-util-5.1.jar
7fa207186000-7fa207188000 r--s 0000a000 08:08 170810                     /home/joyal/.gradle/caches/modules-2/files-2.1/org.ow2.asm/asm-commons/5.1/25d8a575034dd9cfcb375a39b5334f0ba9c8474e/asm-commons-5.1.jar
7fa207188000-7fa207197000 r--s 000c8000 08:08 164192                     /home/joyal/.gradle/caches/modules-2/files-2.1/org.jetbrains.kotlin/kotlin-stdlib/1.1.3-2/9b44c139a4ec57031e0c84ba0e49ba16df6d801c/kotlin-stdlib-1.1.3-2.jar
7fa207197000-7fa2071c9000 r--s 0021b000 08:08 164191                     /home/joyal/.gradle/caches/modules-2/files-2.1/org.jetbrains.kotlin/kotlin-reflect/1.1.3-2/2104f139db2a2d230c529b004c34a0993c4c2f19/kotlin-reflect-1.1.3-2.jar
7fa2071c9000-7fa2071cf000 r--s 00030000 08:08 164190                     /home/joyal/.gradle/caches/modules-2/files-2.1/com.android.tools/repository/26.0.1/bc0dfe02af8d075f6b7ad63a202ed4c63a6a647d/repository-26.0.1.jar
7fa2071cf000-7fa2071da000 r--s 0009b000 08:08 164189                     /home/joyal/.gradle/caches/modules-2/files-2.1/com.android.tools/sdklib/26.0.1/bdb4723f8e3791f1d3911b1f191acf25840f352a/sdklib-26.0.1.jar
7fa2071da000-7fa2071e9000 r--s 000da000 08:08 164188                     /home/joyal/.gradle/caches/modules-2/files-2.1/com.android.tools/sdk-common/26.0.1/9ddd2fa552e7b49548c421c0be4e65dc9a245f69/sdk-common-26.0.1.jar
7fa2071e9000-7fa2071ed000 r--s 00023000 08:08 164187                     /home/joyal/.gradle/caches/modules-2/files-2.1/com.android.tools.build/manifest-merger/26.0.1/700cbb1ed4066f48d4970f5669c44a51bd03142/manifest-merger-26.0.1.jar
7fa2071ed000-7fa2071fc000 r--s 000cb000 08:08 164184                     /home/joyal/.gradle/caches/modules-2/files-2.1/com.android.tools.external.org-jetbrains/uast/26.0.1/663906c592ce867fa2e9bcbffbe2130397078132/uast-26.0.1.jar
7fa2071fc000-7fa2071ff000 ---p 00000000 00:00 0 
7fa2071ff000-7fa2072fd000 rw-p 00000000 00:00 0 
7fa2072fd000-7fa207300000 ---p 00000000 00:00 0 
7fa207300000-7fa2073fe000 rw-p 00000000 00:00 0 
7fa2073fe000-7fa207401000 ---p 00000000 00:00 0 
7fa207401000-7fa2074ff000 rw-p 00000000 00:00 0 
7fa2074ff000-7fa207502000 ---p 00000000 00:00 0 
7fa207502000-7fa207800000 rw-p 00000000 00:00 0 
7fa207800000-7fa207a00000 rw-p 00000000 00:00 0 
7fa207a00000-7fa207c00000 rw-p 00000000 00:00 0 
7fa207c00000-7fa207e00000 rw-p 00000000 00:00 0 
7fa207e00000-7fa208000000 rw-p 00000000 00:00 0 
7fa208000000-7fa208021000 rw-p 00000000 00:00 0 
7fa208021000-7fa20c000000 ---p 00000000 00:00 0 
7fa20c000000-7fa20c001000 r--s 00004000 08:08 170809                     /home/joyal/.gradle/caches/modules-2/files-2.1/org.ow2.asm/asm-analysis/5.1/6d1bf8989fc7901f868bee3863c44f21aa63d110/asm-analysis-5.1.jar
7fa20c001000-7fa20c005000 r--s 0002e000 08:08 164186                     /home/joyal/.gradle/caches/modules-2/files-2.1/com.android.databinding/compilerCommon/3.0.1/7f51b3e1636063e491131a0b0436512131cb1bdc/compilerCommon-3.0.1.jar
7fa20c005000-7fa20c007000 r--s 00003000 08:08 164185                     /home/joyal/.gradle/caches/modules-2/files-2.1/com.android.tools.build/gradle-api/3.0.1/92640ae3c543aa3faee7b954ce641d03949d4401/gradle-api-3.0.1.jar
7fa20c007000-7fa20c00e000 r--s 0007f000 08:08 164183                     /home/joyal/.gradle/caches/modules-2/files-2.1/com.android.tools.lint/lint-api/26.0.1/2d4dd9f4676fbb152e4baf6f6f4cbbb868521832/lint-api-26.0.1.jar
7fa20c00e000-7fa20c017000 r--s 000ff000 08:08 164182                     /home/joyal/.gradle/caches/modules-2/files-2.1/com.android.tools.lint/lint-checks/26.0.1/a5df32c64598e190808accaa03820fb9db9f8201/lint-checks-26.0.1.jar
7fa20c017000-7fa20c01a000 r--s 00039000 08:08 164181                     /home/joyal/.gradle/caches/modules-2/files-2.1/com.android.tools.lint/lint/26.0.1/541bfb082a95a3b55d0158d69b067f1d7c623122/lint-26.0.1.jar
7fa20c01a000-7fa20c04a000 r--s 01983000 08:08 164180                     /home/joyal/.gradle/caches/modules-2/files-2.1/com.android.tools.build/builder/3.0.1/1f896967507729bb35ac727c03d3b9306fe87b7d/builder-3.0.1.jar
7fa20c04a000-7fa20c06d000 r--s 0020b000 08:08 164178                     /home/joyal/.gradle/caches/modules-2/files-2.1/com.android.tools.build/gradle-core/3.0.1/c2945119335b491ca56e4042f7c8c55dccf5c9c2/gradle-core-3.0.1.jar
7fa20c06d000-7fa20c06f000 r--s 0000f000 08:08 164179                     /home/joyal/.gradle/caches/modules-2/files-2.1/com.android.tools.build/gradle/3.0.1/cfa107d4db0c11c11f445a11e768adf61c72ce06/gradle-3.0.1.jar
7fa20c06f000-7fa20c072000 ---p 00000000 00:00 0 
7fa20c072000-7fa20c170000 rw-p 00000000 00:00 0 
7fa20c170000-7fa20c175000 r--s 002f9000 08:08 801344                     /home/joyal/Documents/android-studio/jre/jre/lib/charsets.jar
7fa20c175000-7fa20c1ee000 r--s 010fd000 08:08 801278                     /home/joyal/Documents/android-studio/jre/lib/tools.jar
7fa20c1ee000-7fa20c3ee000 rw-p 00000000 00:00 0 
7fa20c3ee000-7fa20c3f1000 ---p 00000000 00:00 0 
7fa20c3f1000-7fa20c4ef000 rw-p 00000000 00:00 0 
7fa20c4ef000-7fa20c4f2000 ---p 00000000 00:00 0 
7fa20c4f2000-7fa20c5f0000 rw-p 00000000 00:00 0 
7fa20c5f0000-7fa20c5f3000 ---p 00000000 00:00 0 
7fa20c5f3000-7fa20c8f1000 rw-p 00000000 00:00 0 
7fa20c8f1000-7fa20c8f4000 ---p 00000000 00:00 0 
7fa20c8f4000-7fa20c9f2000 rw-p 00000000 00:00 0 
7fa20c9f2000-7fa20c9f5000 ---p 00000000 00:00 0 
7fa20c9f5000-7fa20caf3000 rw-p 00000000 00:00 0 
7fa20caf3000-7fa20caf6000 ---p 00000000 00:00 0 
7fa20caf6000-7fa20cbf4000 rw-p 00000000 00:00 0 
7fa20cbf4000-7fa20cbf7000 ---p 00000000 00:00 0 
7fa20cbf7000-7fa20ccf5000 rw-p 00000000 00:00 0 
7fa20ccf5000-7fa20ccf8000 ---p 00000000 00:00 0 
7fa20ccf8000-7fa20cdf6000 rw-p 00000000 00:00 0 
7fa20cdf6000-7fa20cdf9000 ---p 00000000 00:00 0 
7fa20cdf9000-7fa20cef7000 rw-p 00000000 00:00 0 
7fa20cef7000-7fa20cefa000 ---p 00000000 00:00 0 
7fa20cefa000-7fa20cff8000 rw-p 00000000 00:00 0 
7fa20cff8000-7fa20cfff000 r--s 00000000 08:08 1326248                    /usr/lib/x86_64-linux-gnu/gconv/gconv-modules.cache
7fa20cfff000-7fa210000000 rw-p 00000000 00:00 0 
7fa210000000-7fa210026000 rw-p 00000000 00:00 0 
7fa210026000-7fa214000000 ---p 00000000 00:00 0 
7fa214000000-7fa214001000 r--s 00000000 08:08 170808                     /home/joyal/.gradle/caches/modules-2/files-2.1/com.android.tools.build/transform-api/2.0.0-deprecated-use-gradle-api/47f6c56527c42425742fa9b56ffd3fd80763fe03/transform-api-2.0.0-deprecated-use-gradle-api.jar
7fa214001000-7fa214004000 ---p 00000000 00:00 0 
7fa214004000-7fa214102000 rw-p 00000000 00:00 0 
7fa214102000-7fa214107000 r--s 0009a000 08:08 801427                     /home/joyal/Documents/android-studio/jre/jre/lib/jsse.jar
7fa214107000-7fa214307000 rw-p 00000000 00:00 0 
7fa214307000-7fa214310000 r-xp 00000000 08:08 801372                     /home/joyal/Documents/android-studio/jre/jre/lib/amd64/libmanagement.so
7fa214310000-7fa21450f000 ---p 00009000 08:08 801372                     /home/joyal/Documents/android-studio/jre/jre/lib/amd64/libmanagement.so
7fa21450f000-7fa214510000 r--p 00008000 08:08 801372                     /home/joyal/Documents/android-studio/jre/jre/lib/amd64/libmanagement.so
7fa214510000-7fa214511000 rw-p 00009000 08:08 801372                     /home/joyal/Documents/android-studio/jre/jre/lib/amd64/libmanagement.so
7fa214511000-7fa214513000 r--s 00007000 08:08 671616                     /home/joyal/.gradle/wrapper/dists/gradle-4.1-all/bzyivzo6n839fup2jbap0tjew/gradle-4.1/lib/plugins/gradle-tooling-api-builders-4.1.jar
7fa214513000-7fa214516000 r--s 00009000 08:08 671626                     /home/joyal/.gradle/wrapper/dists/gradle-4.1-all/bzyivzo6n839fup2jbap0tjew/gradle-4.1/lib/plugins/gradle-testing-native-4.1.jar
7fa214516000-7fa214518000 r--s 00009000 08:08 671699                     /home/joyal/.gradle/wrapper/dists/gradle-4.1-all/bzyivzo6n839fup2jbap0tjew/gradle-4.1/lib/plugins/hamcrest-core-1.3.jar
7fa214518000-7fa21451d000 r--s 00040000 08:08 671694                     /home/joyal/.gradle/wrapper/dists/gradle-4.1-all/bzyivzo6n839fup2jbap0tjew/gradle-4.1/lib/plugins/bsh-2.0b4.jar
7fa21451d000-7fa21451f000 r--s 00006000 08:08 671695                     /home/joyal/.gradle/wrapper/dists/gradle-4.1-all/bzyivzo6n839fup2jbap0tjew/gradle-4.1/lib/plugins/jcommander-1.12.jar
7fa21451f000-7fa214525000 r--s 00033000 08:08 671696                     /home/joyal/.gradle/wrapper/dists/gradle-4.1-all/bzyivzo6n839fup2jbap0tjew/gradle-4.1/lib/plugins/snakeyaml-1.6.jar
7fa214525000-7fa21452e000 r--s 00089000 08:08 671654                     /home/joyal/.gradle/wrapper/dists/gradle-4.1-all/bzyivzo6n839fup2jbap0tjew/gradle-4.1/lib/plugins/testng-6.3.1.jar
7fa21452e000-7fa214536000 r--s 00045000 08:08 671655                     /home/joyal/.gradle/wrapper/dists/gradle-4.1-all/bzyivzo6n839fup2jbap0tjew/gradle-4.1/lib/plugins/junit-4.12.jar
7fa214536000-7fa21453c000 r--s 0002e000 08:08 671622                     /home/joyal/.gradle/wrapper/dists/gradle-4.1-all/bzyivzo6n839fup2jbap0tjew/gradle-4.1/lib/plugins/gradle-testing-jvm-4.1.jar
7fa21453c000-7fa214540000 r--s 00017000 08:08 671630                     /home/joyal/.gradle/wrapper/dists/gradle-4.1-all/bzyivzo6n839fup2jbap0tjew/gradle-4.1/lib/plugins/gradle-testing-base-4.1.jar
7fa214540000-7fa214547000 r--s 00038000 08:08 671650                     /home/joyal/.gradle/wrapper/dists/gradle-4.1-all/bzyivzo6n839fup2jbap0tjew/gradle-4.1/lib/plugins/bcpg-jdk15on-1.51.jar
7fa214547000-7fa214549000 r--s 0000c000 08:08 671601                     /home/joyal/.gradle/wrapper/dists/gradle-4.1-all/bzyivzo6n839fup2jbap0tjew/gradle-4.1/lib/plugins/gradle-signing-4.1.jar
7fa214549000-7fa21454b000 r--s 00007000 08:08 671607                     /home/joyal/.gradle/wrapper/dists/gradle-4.1-all/bzyivzo6n839fup2jbap0tjew/gradle-4.1/lib/plugins/gradle-scala-4.1.jar
7fa21454b000-7fa21454c000 r--s 00004000 08:08 671638                     /home/joyal/.gradle/wrapper/dists/gradle-4.1-all/bzyivzo6n839fup2jbap0tjew/gradle-4.1/lib/plugins/gradle-resources-sftp-4.1.jar
7fa21454c000-7fa21455c000 r--s 00088000 08:08 671667                     /home/joyal/.gradle/wrapper/dists/gradle-4.1-all/bzyivzo6n839fup2jbap0tjew/gradle-4.1/lib/plugins/joda-time-2.8.2.jar
7fa21455c000-7fa21456d000 r--s 0010d000 08:08 671666                     /home/joyal/.gradle/wrapper/dists/gradle-4.1-all/bzyivzo6n839fup2jbap0tjew/gradle-4.1/lib/plugins/jackson-databind-2.6.6.jar
7fa21456d000-7fa214570000 r--s 00009000 08:08 671665                     /home/joyal/.gradle/wrapper/dists/gradle-4.1-all/bzyivzo6n839fup2jbap0tjew/gradle-4.1/lib/plugins/jackson-annotations-2.6.6.jar
7fa214570000-7fa214574000 r--s 0003c000 08:08 671664                     /home/joyal/.gradle/wrapper/dists/gradle-4.1-all/bzyivzo6n839fup2jbap0tjew/gradle-4.1/lib/plugins/jackson-core-2.6.6.jar
7fa214574000-7fa214582000 r--s 00087000 08:08 671663                     /home/joyal/.gradle/wrapper/dists/gradle-4.1-all/bzyivzo6n839fup2jbap0tjew/gradle-4.1/lib/plugins/aws-java-sdk-core-1.11.6.jar
7fa214582000-7fa214589000 r--s 00057000 08:08 671662                     /home/joyal/.gradle/wrapper/dists/gradle-4.1-all/bzyivzo6n839fup2jbap0tjew/gradle-4.1/lib/plugins/aws-java-sdk-kms-1.11.6.jar
7fa214589000-7fa214596000 r--s 0008e000 08:08 671661                     /home/joyal/.gradle/wrapper/dists/gradle-4.1-all/bzyivzo6n839fup2jbap0tjew/gradle-4.1/lib/plugins/aws-java-sdk-s3-1.11.6.jar
7fa214596000-7fa214598000 r--s 00004000 08:08 671635                     /home/joyal/.gradle/wrapper/dists/gradle-4.1-all/bzyivzo6n839fup2jbap0tjew/gradle-4.1/lib/plugins/gradle-resources-s3-4.1.jar
7fa214598000-7fa21459a000 r--s 00010000 08:08 671631                     /home/joyal/.gradle/wrapper/dists/gradle-4.1-all/bzyivzo6n839fup2jbap0tjew/gradle-4.1/lib/plugins/gradle-reporting-4.1.jar
7fa21459a000-7fa21459c000 r--s 00002000 08:08 671632                     /home/joyal/.gradle/wrapper/dists/gradle-4.1-all/bzyivzo6n839fup2jbap0tjew/gradle-4.1/lib/plugins/gradle-publish-4.1.jar
7fa21459c000-7fa21459e000 r--s 00009000 08:08 671643                     /home/joyal/.gradle/wrapper/dists/gradle-4.1-all/bzyivzo6n839fup2jbap0tjew/gradle-4.1/lib/plugins/commons-cli-1.2.jar
7fa21459e000-7fa2145a4000 r--s 00036000 08:08 671615                     /home/joyal/.gradle/wrapper/dists/gradle-4.1-all/bzyivzo6n839fup2jbap0tjew/gradle-4.1/lib/plugins/gradle-plugins-4.1.jar
7fa2145a4000-7fa2145a6000 r--s 00009000 08:08 671602                     /home/joyal/.gradle/wrapper/dists/gradle-4.1-all/bzyivzo6n839fup2jbap0tjew/gradle-4.1/lib/plugins/gradle-plugin-development-4.1.jar
7fa2145a6000-7fa2145ac000 r--s 0002b000 08:08 671610                     /home/joyal/.gradle/wrapper/dists/gradle-4.1-all/bzyivzo6n839fup2jbap0tjew/gradle-4.1/lib/plugins/gradle-platform-play-4.1.jar
7fa2145ac000-7fa2145bb000 r--s 0005b000 08:08 671628                     /home/joyal/.gradle/wrapper/dists/gradle-4.1-all/bzyivzo6n839fup2jbap0tjew/gradle-4.1/lib/plugins/gradle-platform-native-4.1.jar
7fa2145bb000-7fa2145bf000 r--s 0001b000 08:08 671625                     /home/joyal/.gradle/wrapper/dists/gradle-4.1-all/bzyivzo6n839fup2jbap0tjew/gradle-4.1/lib/plugins/gradle-platform-jvm-4.1.jar
7fa2145bf000-7fa2145c7000 r--s 00027000 08:08 671633                     /home/joyal/.gradle/wrapper/dists/gradle-4.1-all/bzyivzo6n839fup2jbap0tjew/gradle-4.1/lib/plugins/gradle-platform-base-4.1.jar
7fa2145c7000-7fa2145ef000 r--s 0021c000 08:08 671644                     /home/joyal/.gradle/wrapper/dists/gradle-4.1-all/bzyivzo6n839fup2jbap0tjew/gradle-4.1/lib/plugins/biz.aQute.bndlib-3.2.0.jar
7fa2145ef000-7fa2145f0000 r--s 00004000 08:08 671600                     /home/joyal/.gradle/wrapper/dists/gradle-4.1-all/bzyivzo6n839fup2jbap0tjew/gradle-4.1/lib/plugins/gradle-osgi-4.1.jar
7fa2145f0000-7fa2145f3000 r--s 0000c000 08:08 671647                     /home/joyal/.gradle/wrapper/dists/gradle-4.1-all/bzyivzo6n839fup2jbap0tjew/gradle-4.1/lib/plugins/pmaven-groovy-0.8-20100325.jar
7fa2145f3000-7fa2145f4000 r--s 00004000 08:08 671646                     /home/joyal/.gradle/wrapper/dists/gradle-4.1-all/bzyivzo6n839fup2jbap0tjew/gradle-4.1/lib/plugins/pmaven-common-0.8-20100325.jar
7fa2145f4000-7fa2145fa000 r--s 00023000 08:08 671603                     /home/joyal/.gradle/wrapper/dists/gradle-4.1-all/bzyivzo6n839fup2jbap0tjew/gradle-4.1/lib/plugins/gradle-maven-4.1.jar
7fa2145fa000-7fa2145fd000 r--s 0000b000 08:08 671621                     /home/joyal/.gradle/wrapper/dists/gradle-4.1-all/bzyivzo6n839fup2jbap0tjew/gradle-4.1/lib/plugins/gradle-language-scala-4.1.jar
7fa2145fd000-7fa214604000 r--s 00020000 08:08 671627                     /home/joyal/.gradle/wrapper/dists/gradle-4.1-all/bzyivzo6n839fup2jbap0tjew/gradle-4.1/lib/plugins/gradle-language-native-4.1.jar
7fa214604000-7fa214606000 r--s 00005000 08:08 671624                     /home/joyal/.gradle/wrapper/dists/gradle-4.1-all/bzyivzo6n839fup2jbap0tjew/gradle-4.1/lib/plugins/gradle-language-jvm-4.1.jar
7fa214606000-7fa21460d000 r--s 0002f000 08:08 671623                     /home/joyal/.gradle/wrapper/dists/gradle-4.1-all/bzyivzo6n839fup2jbap0tjew/gradle-4.1/lib/plugins/gradle-language-java-4.1.jar
7fa21460d000-7fa214610000 r--s 0000a000 08:08 671620                     /home/joyal/.gradle/wrapper/dists/gradle-4.1-all/bzyivzo6n839fup2jbap0tjew/gradle-4.1/lib/plugins/gradle-language-groovy-4.1.jar
7fa214610000-7fa214617000 r--s 00035000 08:08 671653                     /home/joyal/.gradle/wrapper/dists/gradle-4.1-all/bzyivzo6n839fup2jbap0tjew/gradle-4.1/lib/plugins/simple-4.1.21.jar
7fa214617000-7fa214623000 r--s 00100000 08:08 671651                     /home/joyal/.gradle/wrapper/dists/gradle-4.1-all/bzyivzo6n839fup2jbap0tjew/gradle-4.1/lib/plugins/rhino-1.7R3.jar
7fa214623000-7fa214627000 r--s 00012000 08:08 671611                     /home/joyal/.gradle/wrapper/dists/gradle-4.1-all/bzyivzo6n839fup2jbap0tjew/gradle-4.1/lib/plugins/gradle-javascript-4.1.jar
7fa214627000-7fa21462a000 r--s 00011000 08:08 671613                     /home/joyal/.gradle/wrapper/dists/gradle-4.1-all/bzyivzo6n839fup2jbap0tjew/gradle-4.1/lib/plugins/gradle-jacoco-4.1.jar
7fa21462a000-7fa21462d000 r--s 0000e000 08:08 671612                     /home/joyal/.gradle/wrapper/dists/gradle-4.1-all/bzyivzo6n839fup2jbap0tjew/gradle-4.1/lib/plugins/gradle-ivy-4.1.jar
7fa21462d000-7fa214630000 r--s 00013000 08:08 671605                     /home/joyal/.gradle/wrapper/dists/gradle-4.1-all/bzyivzo6n839fup2jbap0tjew/gradle-4.1/lib/plugins/gradle-ide-native-4.1.jar
7fa214630000-7fa21463a000 r--s 00054000 08:08 671606                     /home/joyal/.gradle/wrapper/dists/gradle-4.1-all/bzyivzo6n839fup2jbap0tjew/gradle-4.1/lib/plugins/gradle-ide-4.1.jar
7fa21463a000-7fa21463c000 r--s 00007000 08:08 671609                     /home/joyal/.gradle/wrapper/dists/gradle-4.1-all/bzyivzo6n839fup2jbap0tjew/gradle-4.1/lib/plugins/gradle-ear-4.1.jar
7fa21463c000-7fa21463e000 r--s 00005000 08:08 671641                     /home/joyal/.gradle/wrapper/dists/gradle-4.1-all/bzyivzo6n839fup2jbap0tjew/gradle-4.1/lib/plugins/jatl-0.2.2.jar
7fa21463e000-7fa214645000 r--s 00038000 08:08 671629                     /home/joyal/.gradle/wrapper/dists/gradle-4.1-all/bzyivzo6n839fup2jbap0tjew/gradle-4.1/lib/plugins/gradle-diagnostics-4.1.jar
7fa214645000-7fa214647000 r--s 0000b000 08:08 671618                     /home/joyal/.gradle/wrapper/dists/gradle-4.1-all/bzyivzo6n839fup2jbap0tjew/gradle-4.1/lib/plugins/gradle-composite-builds-4.1.jar
7fa214647000-7fa21464c000 r--s 00025000 08:08 671598                     /home/joyal/.gradle/wrapper/dists/gradle-4.1-all/bzyivzo6n839fup2jbap0tjew/gradle-4.1/lib/plugins/gradle-code-quality-4.1.jar
7fa21464c000-7fa214651000 r--s 00022000 08:08 671614                     /home/joyal/.gradle/wrapper/dists/gradle-4.1-all/bzyivzo6n839fup2jbap0tjew/gradle-4.1/lib/plugins/gradle-build-init-4.1.jar
7fa214651000-7fa214667000 r-xp 00000000 08:08 529672                     /lib/x86_64-linux-gnu/libgcc_s.so.1
7fa214667000-7fa214866000 ---p 00016000 08:08 529672                     /lib/x86_64-linux-gnu/libgcc_s.so.1
7fa214866000-7fa214867000 rw-p 00015000 08:08 529672                     /lib/x86_64-linux-gnu/libgcc_s.so.1
7fa214867000-7fa2149d9000 r-xp 00000000 08:08 919371                     /usr/lib/x86_64-linux-gnu/libstdc++.so.6.0.21
7fa2149d9000-7fa214bd9000 ---p 00172000 08:08 919371                     /usr/lib/x86_64-linux-gnu/libstdc++.so.6.0.21
7fa214bd9000-7fa214be3000 r--p 00172000 08:08 919371                     /usr/lib/x86_64-linux-gnu/libstdc++.so.6.0.21
7fa214be3000-7fa214be5000 rw-p 0017c000 08:08 919371                     /usr/lib/x86_64-linux-gnu/libstdc++.so.6.0.21
7fa214be5000-7fa214be9000 rw-p 00000000 00:00 0 
7fa214be9000-7fa214bee000 r-xp 00000000 08:08 678065                     /home/joyal/.gradle/native/25/linux-amd64/libnative-platform.so
7fa214bee000-7fa214ded000 ---p 00005000 08:08 678065                     /home/joyal/.gradle/native/25/linux-amd64/libnative-platform.so
7fa214ded000-7fa214dee000 rw-p 00004000 08:08 678065                     /home/joyal/.gradle/native/25/linux-amd64/libnative-platform.so
7fa214dee000-7fa214dff000 r-xp 00000000 08:08 801396                     /home/joyal/Documents/android-studio/jre/jre/lib/amd64/libnio.so
7fa214dff000-7fa214ffe000 ---p 00011000 08:08 801396                     /home/joyal/Documents/android-studio/jre/jre/lib/amd64/libnio.so
7fa214ffe000-7fa214fff000 r--p 00010000 08:08 801396                     /home/joyal/Documents/android-studio/jre/jre/lib/amd64/libnio.so
7fa214fff000-7fa215000000 rw-p 00011000 08:08 801396                     /home/joyal/Documents/android-studio/jre/jre/lib/amd64/libnio.so
7fa215000000-7fa218000000 rw-p 00000000 00:00 0 
7fa218000000-7fa21803f000 rw-p 00000000 00:00 0 
7fa21803f000-7fa21c000000 ---p 00000000 00:00 0 
7fa21c000000-7fa21c001000 r--s 00002000 08:08 671604                     /home/joyal/.gradle/wrapper/dists/gradle-4.1-all/bzyivzo6n839fup2jbap0tjew/gradle-4.1/lib/plugins/gradle-ide-play-4.1.jar
7fa21c001000-7fa21c007000 r--s 0008e000 08:08 671608                     /home/joyal/.gradle/wrapper/dists/gradle-4.1-all/bzyivzo6n839fup2jbap0tjew/gradle-4.1/lib/plugins/gradle-build-comparison-4.1.jar
7fa21c007000-7fa21c008000 r--s 00002000 08:08 671636                     /home/joyal/.gradle/wrapper/dists/gradle-4.1-all/bzyivzo6n839fup2jbap0tjew/gradle-4.1/lib/plugins/gradle-build-cache-http-4.1.jar
7fa21c008000-7fa21c00a000 r--s 00008000 08:08 671599                     /home/joyal/.gradle/wrapper/dists/gradle-4.1-all/bzyivzo6n839fup2jbap0tjew/gradle-4.1/lib/plugins/gradle-antlr-4.1.jar
7fa21c00a000-7fa21c00c000 r--s 00004000 08:08 671619                     /home/joyal/.gradle/wrapper/dists/gradle-4.1-all/bzyivzo6n839fup2jbap0tjew/gradle-4.1/lib/plugins/gradle-announce-4.1.jar
7fa21c00c000-7fa21c00e000 r--s 00008000 08:08 671539                     /home/joyal/.gradle/wrapper/dists/gradle-4.1-all/bzyivzo6n839fup2jbap0tjew/gradle-4.1/lib/gradle-kotlin-dsl-tooling-builders-0.10.3.jar
7fa21c00e000-7fa21c011000 r--s 0001c000 08:08 671657                     /home/joyal/.gradle/wrapper/dists/gradle-4.1-all/bzyivzo6n839fup2jbap0tjew/gradle-4.1/lib/plugins/nekohtml-1.9.14.jar
7fa21c011000-7fa21c019000 r--s 00028000 08:08 671698                     /home/joyal/.gradle/wrapper/dists/gradle-4.1-all/bzyivzo6n839fup2jbap0tjew/gradle-4.1/lib/plugins/xml-apis-1.3.04.jar
7fa21c019000-7fa21c031000 r--s 00115000 08:08 671658                     /home/joyal/.gradle/wrapper/dists/gradle-4.1-all/bzyivzo6n839fup2jbap0tjew/gradle-4.1/lib/plugins/xercesImpl-2.9.1.jar
7fa21c031000-7fa21c037000 r--s 0005b000 08:08 671656                     /home/joyal/.gradle/wrapper/dists/gradle-4.1-all/bzyivzo6n839fup2jbap0tjew/gradle-4.1/lib/plugins/jcifs-1.3.17.jar
7fa21c037000-7fa21c03e000 r--s 00049000 08:08 671697                     /home/joyal/.gradle/wrapper/dists/gradle-4.1-all/bzyivzo6n839fup2jbap0tjew/gradle-4.1/lib/plugins/httpcore-4.4.4.jar
7fa21c03e000-7fa21c044000 r--s 00033000 08:08 671649                     /home/joyal/.gradle/wrapper/dists/gradle-4.1-all/bzyivzo6n839fup2jbap0tjew/gradle-4.1/lib/plugins/commons-codec-1.6.jar
7fa21c044000-7fa21c051000 r--s 000a4000 08:08 671642                     /home/joyal/.gradle/wrapper/dists/gradle-4.1-all/bzyivzo6n839fup2jbap0tjew/gradle-4.1/lib/plugins/httpclient-4.4.1.jar
7fa21c051000-7fa21c053000 r--s 0000b000 08:08 671637                     /home/joyal/.gradle/wrapper/dists/gradle-4.1-all/bzyivzo6n839fup2jbap0tjew/gradle-4.1/lib/plugins/gradle-resources-http-4.1.jar
7fa21c053000-7fa21c057000 r--s 00017000 08:08 671634                     /home/joyal/.gradle/wrapper/dists/gradle-4.1-all/bzyivzo6n839fup2jbap0tjew/gradle-4.1/lib/plugins/gradle-plugin-use-4.1.jar
7fa21c057000-7fa21c058000 r--s 00000000 08:08 671545                     /home/joyal/.gradle/wrapper/dists/gradle-4.1-all/bzyivzo6n839fup2jbap0tjew/gradle-4.1/lib/gradle-runtime-api-info-4.1.jar
7fa21c058000-7fa21c059000 r--s 00000000 08:08 671548                     /home/joyal/.gradle/wrapper/dists/gradle-4.1-all/bzyivzo6n839fup2jbap0tjew/gradle-4.1/lib/gradle-installation-beacon-4.1.jar
7fa21c059000-7fa21c099000 r--s 00277000 08:08 671669                     /home/joyal/.gradle/wrapper/dists/gradle-4.1-all/bzyivzo6n839fup2jbap0tjew/gradle-4.1/lib/plugins/bcprov-jdk15on-1.51.jar
7fa21c099000-7fa21c09d000 r--s 0001d000 08:08 671668                     /home/joyal/.gradle/wrapper/dists/gradle-4.1-all/bzyivzo6n839fup2jbap0tjew/gradle-4.1/lib/plugins/xbean-reflect-3.4.jar
7fa21c09d000-7fa21c09f000 r--s 0000a000 08:08 671670                     /home/joyal/.gradle/wrapper/dists/gradle-4.1-all/bzyivzo6n839fup2jbap0tjew/gradle-4.1/lib/plugins/maven-settings-3.0.4.jar
7fa21c09f000-7fa21c0a2000 r--s 00008000 08:08 671671                     /home/joyal/.gradle/wrapper/dists/gradle-4.1-all/bzyivzo6n839fup2jbap0tjew/gradle-4.1/lib/plugins/maven-settings-builder-3.0.4.jar
7fa21c0a2000-7fa21c0a6000 r--s 00033000 08:08 671672                     /home/joyal/.gradle/wrapper/dists/gradle-4.1-all/bzyivzo6n839fup2jbap0tjew/gradle-4.1/lib/plugins/plexus-utils-2.0.6.jar
7fa21c0a6000-7fa21c0a8000 r--s 0000d000 08:08 671673                     /home/joyal/.gradle/wrapper/dists/gradle-4.1-all/bzyivzo6n839fup2jbap0tjew/gradle-4.1/lib/plugins/plexus-interpolation-1.14.jar
7fa21c0a8000-7fa21c0aa000 r--s 00000000 08:08 671648                     /home/joyal/.gradle/wrapper/dists/gradle-4.1-all/bzyivzo6n839fup2jbap0tjew/gradle-4.1/lib/plugins/plexus-component-annotations-1.5.5.jar
7fa21c0aa000-7fa21c0b1000 r--s 0002e000 08:08 671674                     /home/joyal/.gradle/wrapper/dists/gradle-4.1-all/bzyivzo6n839fup2jbap0tjew/gradle-4.1/lib/plugins/plexus-container-default-1.5.5.jar
7fa21c0b1000-7fa21c0b3000 r--s 0000a000 08:08 671675                     /home/joyal/.gradle/wrapper/dists/gradle-4.1-all/bzyivzo6n839fup2jbap0tjew/gradle-4.1/lib/plugins/plexus-classworlds-2.4.jar
7fa21c0b3000-7fa21c0b5000 r--s 00002000 08:08 671676                     /home/joyal/.gradle/wrapper/dists/gradle-4.1-all/bzyivzo6n839fup2jbap0tjew/gradle-4.1/lib/plugins/plexus-cipher-1.7.jar
7fa21c0b5000-7fa21c0b6000 r--s 00006000 08:08 671677                     /home/joyal/.gradle/wrapper/dists/gradle-4.1-all/bzyivzo6n839fup2jbap0tjew/gradle-4.1/lib/plugins/plexus-sec-dispatcher-1.3.jar
7fa21c0b6000-7fa21c0bc000 r--s 0003f000 08:08 671678                     /home/joyal/.gradle/wrapper/dists/gradle-4.1-all/bzyivzo6n839fup2jbap0tjew/gradle-4.1/lib/plugins/maven-compat-3.0.4.jar
7fa21c0bc000-7fa21c0c0000 r--s 00021000 08:08 671679                     /home/joyal/.gradle/wrapper/dists/gradle-4.1-all/bzyivzo6n839fup2jbap0tjew/gradle-4.1/lib/plugins/maven-model-builder-3.0.4.jar
7fa21c0c0000-7fa21c0c2000 r--s 00026000 08:08 671680                     /home/joyal/.gradle/wrapper/dists/gradle-4.1-all/bzyivzo6n839fup2jbap0tjew/gradle-4.1/lib/plugins/maven-model-3.0.4.jar
7fa21c0c2000-7fa21c0c4000 r--s 0000b000 08:08 671681                     /home/joyal/.gradle/wrapper/dists/gradle-4.1-all/bzyivzo6n839fup2jbap0tjew/gradle-4.1/lib/plugins/maven-artifact-3.0.4.jar
7fa21c0c4000-7fa21c0c6000 r--s 00006000 08:08 671682                     /home/joyal/.gradle/wrapper/dists/gradle-4.1-all/bzyivzo6n839fup2jbap0tjew/gradle-4.1/lib/plugins/maven-repository-metadata-3.0.4.jar
7fa21c0c6000-7fa21c0c8000 r--s 0000b000 08:08 671683                     /home/joyal/.gradle/wrapper/dists/gradle-4.1-all/bzyivzo6n839fup2jbap0tjew/gradle-4.1/lib/plugins/maven-plugin-api-3.0.4.jar
7fa21c0c8000-7fa21c0ca000 r--s 0000c000 08:08 671684                     /home/joyal/.gradle/wrapper/dists/gradle-4.1-all/bzyivzo6n839fup2jbap0tjew/gradle-4.1/lib/plugins/maven-aether-provider-3.0.4.jar
7fa21c0ca000-7fa21c0cb000 r--s 00002000 08:08 671685                     /home/joyal/.gradle/wrapper/dists/gradle-4.1-all/bzyivzo6n839fup2jbap0tjew/gradle-4.1/lib/plugins/wagon-file-2.4.jar
7fa21c0cb000-7fa21c0cc000 r--s 00002000 08:08 671686                     /home/joyal/.gradle/wrapper/dists/gradle-4.1-all/bzyivzo6n839fup2jbap0tjew/gradle-4.1/lib/plugins/wagon-http-2.4.jar
7fa21c0cc000-7fa21c0ce000 r--s 0000b000 08:08 671687                     /home/joyal/.gradle/wrapper/dists/gradle-4.1-all/bzyivzo6n839fup2jbap0tjew/gradle-4.1/lib/plugins/wagon-provider-api-2.4.jar
7fa21c0ce000-7fa21c0cf000 r--s 00007000 08:08 671688                     /home/joyal/.gradle/wrapper/dists/gradle-4.1-all/bzyivzo6n839fup2jbap0tjew/gradle-4.1/lib/plugins/wagon-http-shared4-2.4.jar
7fa21c0cf000-7fa21c0d2000 r--s 00013000 08:08 671689                     /home/joyal/.gradle/wrapper/dists/gradle-4.1-all/bzyivzo6n839fup2jbap0tjew/gradle-4.1/lib/plugins/aether-api-1.13.1.jar
7fa21c0d2000-7fa21c0d5000 r--s 0001d000 08:08 671690                     /home/joyal/.gradle/wrapper/dists/gradle-4.1-all/bzyivzo6n839fup2jbap0tjew/gradle-4.1/lib/plugins/aether-impl-1.13.1.jar
7fa21c0d5000-7fa21c0d6000 r--s 00003000 08:08 671691                     /home/joyal/.gradle/wrapper/dists/gradle-4.1-all/bzyivzo6n839fup2jbap0tjew/gradle-4.1/lib/plugins/aether-spi-1.13.1.jar
7fa21c0d6000-7fa21c0da000 r--s 0001c000 08:08 671692                     /home/joyal/.gradle/wrapper/dists/gradle-4.1-all/bzyivzo6n839fup2jbap0tjew/gradle-4.1/lib/plugins/aether-util-1.13.1.jar
7fa21c0da000-7fa21c0dc000 r--s 00006000 08:08 671693                     /home/joyal/.gradle/wrapper/dists/gradle-4.1-all/bzyivzo6n839fup2jbap0tjew/gradle-4.1/lib/plugins/aether-connector-wagon-1.13.1.jar
7fa21c0dc000-7fa21c0e8000 r--s 0007d000 08:08 671645                     /home/joyal/.gradle/wrapper/dists/gradle-4.1-all/bzyivzo6n839fup2jbap0tjew/gradle-4.1/lib/plugins/maven-core-3.0.4.jar
7fa21c0e8000-7fa21c0ed000 r--s 00034000 08:08 671652                     /home/joyal/.gradle/wrapper/dists/gradle-4.1-all/bzyivzo6n839fup2jbap0tjew/gradle-4.1/lib/plugins/gson-2.7.jar
7fa21c0ed000-7fa21c0f2000 r--s 00040000 08:08 671660                     /home/joyal/.gradle/wrapper/dists/gradle-4.1-all/bzyivzo6n839fup2jbap0tjew/gradle-4.1/lib/plugins/jsch-0.1.54.jar
7fa21c0f2000-7fa21c101000 r--s 000d9000 08:08 671659                     /home/joyal/.gradle/wrapper/dists/gradle-4.1-all/bzyivzo6n839fup2jbap0tjew/gradle-4.1/lib/plugins/ivy-2.2.0.jar
7fa21c101000-7fa21c125000 r--s 0011a000 08:08 671640                     /home/joyal/.gradle/wrapper/dists/gradle-4.1-all/bzyivzo6n839fup2jbap0tjew/gradle-4.1/lib/plugins/gradle-dependency-management-4.1.jar
7fa21c125000-7fa21c128000 r--s 0000d000 08:08 671639                     /home/joyal/.gradle/wrapper/dists/gradle-4.1-all/bzyivzo6n839fup2jbap0tjew/gradle-4.1/lib/plugins/gradle-workers-4.1.jar
7fa21c128000-7fa21c13e000 r-xp 00000000 08:08 801375                     /home/joyal/Documents/android-studio/jre/jre/lib/amd64/libnet.so
7fa21c13e000-7fa21c33e000 ---p 00016000 08:08 801375                     /home/joyal/Documents/android-studio/jre/jre/lib/amd64/libnet.so
7fa21c33e000-7fa21c33f000 r--p 00016000 08:08 801375                     /home/joyal/Documents/android-studio/jre/jre/lib/amd64/libnet.so
7fa21c33f000-7fa21c340000 rw-p 00017000 08:08 801375                     /home/joyal/Documents/android-studio/jre/jre/lib/amd64/libnet.so
7fa21c340000-7fa21c341000 r--s 00006000 08:08 671547                     /home/joyal/.gradle/wrapper/dists/gradle-4.1-all/bzyivzo6n839fup2jbap0tjew/gradle-4.1/lib/gradle-wrapper-4.1.jar
7fa21c341000-7fa21c34e000 r--s 00043000 08:08 671546                     /home/joyal/.gradle/wrapper/dists/gradle-4.1-all/bzyivzo6n839fup2jbap0tjew/gradle-4.1/lib/gradle-tooling-api-4.1.jar
7fa21c34e000-7fa21c35d000 r--s 000c8000 08:08 671543                     /home/joyal/.gradle/wrapper/dists/gradle-4.1-all/bzyivzo6n839fup2jbap0tjew/gradle-4.1/lib/kotlin-stdlib-1.1.3-2.jar
7fa21c35d000-7fa21c38f000 r--s 0021b000 08:08 671542                     /home/joyal/.gradle/wrapper/dists/gradle-4.1-all/bzyivzo6n839fup2jbap0tjew/gradle-4.1/lib/kotlin-reflect-1.1.3-2.jar
7fa21c38f000-7fa21c546000 r--s 01786000 08:08 671541                     /home/joyal/.gradle/wrapper/dists/gradle-4.1-all/bzyivzo6n839fup2jbap0tjew/gradle-4.1/lib/kotlin-compiler-embeddable-1.1.3-2.jar
7fa21c546000-7fa21c547000 r--s 00000000 08:08 671540                     /home/joyal/.gradle/wrapper/dists/gradle-4.1-all/bzyivzo6n839fup2jbap0tjew/gradle-4.1/lib/gradle-kotlin-dsl-tooling-models-0.10.3.jar
7fa21c547000-7fa21c548000 r--s 00001000 08:08 671538                     /home/joyal/.gradle/wrapper/dists/gradle-4.1-all/bzyivzo6n839fup2jbap0tjew/gradle-4.1/lib/gradle-kotlin-dsl-compiler-plugin-0.10.3.jar
7fa21c548000-7fa21c54a000 r--s 00003000 08:08 671536                     /home/joyal/.gradle/wrapper/dists/gradle-4.1-all/bzyivzo6n839fup2jbap0tjew/gradle-4.1/lib/annotations-13.0.jar
7fa21c54a000-7fa21c554000 r--s 00073000 08:08 671537                     /home/joyal/.gradle/wrapper/dists/gradle-4.1-all/bzyivzo6n839fup2jbap0tjew/gradle-4.1/lib/gradle-kotlin-dsl-0.10.3.jar
7fa21c554000-7fa21c559000 r--s 00013000 08:08 671553                     /home/joyal/.gradle/wrapper/dists/gradle-4.1-all/bzyivzo6n839fup2jbap0tjew/gradle-4.1/lib/gradle-resources-4.1.jar
7fa21c559000-7fa21c55b000 r--s 00005000 08:08 671560                     /home/joyal/.gradle/wrapper/dists/gradle-4.1-all/bzyivzo6n839fup2jbap0tjew/gradle-4.1/lib/gradle-cli-4.1.jar
7fa21c55b000-7fa21c55d000 r--s 00003000 08:08 671567                     /home/joyal/.gradle/wrapper/dists/gradle-4.1-all/bzyivzo6n839fup2jbap0tjew/gradle-4.1/lib/jcl-over-slf4j-1.7.10.jar
7fa21c55d000-7fa21c55e000 r--s 00005000 08:08 671566                     /home/joyal/.gradle/wrapper/dists/gradle-4.1-all/bzyivzo6n839fup2jbap0tjew/gradle-4.1/lib/log4j-over-slf4j-1.7.10.jar
7fa21c55e000-7fa21c560000 r--s 00000000 08:08 671565                     /home/joyal/.gradle/wrapper/dists/gradle-4.1-all/bzyivzo6n839fup2jbap0tjew/gradle-4.1/lib/jul-to-slf4j-1.7.10.jar
7fa21c560000-7fa21c567000 r--s 0002c000 08:08 671551                     /home/joyal/.gradle/wrapper/dists/gradle-4.1-all/bzyivzo6n839fup2jbap0tjew/gradle-4.1/lib/gradle-logging-4.1.jar
7fa21c567000-7fa21c577000 r--s 00082000 08:08 671556                     /home/joyal/.gradle/wrapper/dists/gradle-4.1-all/bzyivzo6n839fup2jbap0tjew/gradle-4.1/lib/gradle-model-core-4.1.jar
7fa21c577000-7fa21c579000 r--s 00006000 08:08 671557                     /home/joyal/.gradle/wrapper/dists/gradle-4.1-all/bzyivzo6n839fup2jbap0tjew/gradle-4.1/lib/gradle-base-services-groovy-4.1.jar
7fa21c579000-7fa21c57b000 r--s 00007000 08:08 671555                     /home/joyal/.gradle/wrapper/dists/gradle-4.1-all/bzyivzo6n839fup2jbap0tjew/gradle-4.1/lib/gradle-model-groovy-4.1.jar
7fa21c57b000-7fa21c57c000 r--s 00002000 08:08 671578                     /home/joyal/.gradle/wrapper/dists/gradle-4.1-all/bzyivzo6n839fup2jbap0tjew/gradle-4.1/lib/gradle-docs-4.1.jar
7fa21c57c000-7fa21c589000 r--s 00083000 08:08 671576                     /home/joyal/.gradle/wrapper/dists/gradle-4.1-all/bzyivzo6n839fup2jbap0tjew/gradle-4.1/lib/commons-collections-3.2.2.jar
7fa21c589000-7fa21c58a000 r--s 00000000 08:08 671575                     /home/joyal/.gradle/wrapper/dists/gradle-4.1-all/bzyivzo6n839fup2jbap0tjew/gradle-4.1/lib/javax.inject-1.jar
7fa21c58a000-7fa21c5fa000 r--s 00645000 08:08 671573                     /home/joyal/.gradle/wrapper/dists/gradle-4.1-all/bzyivzo6n839fup2jbap0tjew/gradle-4.1/lib/groovy-all-2.4.11.jar
7fa21c5fa000-7fa21c5fd000 r--s 00023000 08:08 671579                     /home/joyal/.gradle/wrapper/dists/gradle-4.1-all/bzyivzo6n839fup2jbap0tjew/gradle-4.1/lib/jansi-1.14.jar
7fa21c5fd000-7fa21c5fe000 r--s 00004000 08:08 671581                     /home/joyal/.gradle/wrapper/dists/gradle-4.1-all/bzyivzo6n839fup2jbap0tjew/gradle-4.1/lib/native-platform-freebsd-amd64-libcpp-0.14.jar
7fa21c5fe000-7fa21c5ff000 r--s 00004000 08:08 671582                     /home/joyal/.gradle/wrapper/dists/gradle-4.1-all/bzyivzo6n839fup2jbap0tjew/gradle-4.1/lib/native-platform-freebsd-amd64-libstdcpp-0.14.jar
7fa21c5ff000-7fa21c600000 r--s 00004000 08:08 671583                     /home/joyal/.gradle/wrapper/dists/gradle-4.1-all/bzyivzo6n839fup2jbap0tjew/gradle-4.1/lib/native-platform-freebsd-i386-libcpp-0.14.jar
7fa21c600000-7fa21c601000 r--s 00003000 08:08 671584                     /home/joyal/.gradle/wrapper/dists/gradle-4.1-all/bzyivzo6n839fup2jbap0tjew/gradle-4.1/lib/native-platform-freebsd-i386-libstdcpp-0.14.jar
7fa21c601000-7fa21c602000 r--s 00002000 08:08 671585                     /home/joyal/.gradle/wrapper/dists/gradle-4.1-all/bzyivzo6n839fup2jbap0tjew/gradle-4.1/lib/native-platform-linux-amd64-0.14.jar
7fa21c602000-7fa21c603000 r--s 00002000 08:08 671586                     /home/joyal/.gradle/wrapper/dists/gradle-4.1-all/bzyivzo6n839fup2jbap0tjew/gradle-4.1/lib/native-platform-linux-i386-0.14.jar
7fa21c603000-7fa21c605000 r--s 00002000 08:08 671587                     /home/joyal/.gradle/wrapper/dists/gradle-4.1-all/bzyivzo6n839fup2jbap0tjew/gradle-4.1/lib/native-platform-osx-amd64-0.14.jar
7fa21c605000-7fa21c606000 r--s 00003000 08:08 671588                     /home/joyal/.gradle/wrapper/dists/gradle-4.1-all/bzyivzo6n839fup2jbap0tjew/gradle-4.1/lib/native-platform-osx-i386-0.14.jar
7fa21c606000-7fa21c608000 r--s 0000b000 08:08 671589                     /home/joyal/.gradle/wrapper/dists/gradle-4.1-all/bzyivzo6n839fup2jbap0tjew/gradle-4.1/lib/native-platform-windows-amd64-0.14.jar
7fa21c608000-7fa21c609000 r--s 0000b000 08:08 671590                     /home/joyal/.gradle/wrapper/dists/gradle-4.1-all/bzyivzo6n839fup2jbap0tjew/gradle-4.1/lib/native-platform-windows-i386-0.14.jar
7fa21c609000-7fa21c60a000 r--s 00001000 08:08 671591                     /home/joyal/.gradle/wrapper/dists/gradle-4.1-all/bzyivzo6n839fup2jbap0tjew/gradle-4.1/lib/native-platform-linux-amd64-ncurses5-0.14.jar
7fa21c60a000-7fa21c60b000 r--s 00001000 08:08 671592                     /home/joyal/.gradle/wrapper/dists/gradle-4.1-all/bzyivzo6n839fup2jbap0tjew/gradle-4.1/lib/native-platform-linux-amd64-ncurses6-0.14.jar
7fa21c60b000-7fa21c60c000 r--s 00001000 08:08 671593                     /home/joyal/.gradle/wrapper/dists/gradle-4.1-all/bzyivzo6n839fup2jbap0tjew/gradle-4.1/lib/native-platform-linux-i386-ncurses5-0.14.jar
7fa21c60c000-7fa21c610000 r--s 00012000 08:08 671577                     /home/joyal/.gradle/wrapper/dists/gradle-4.1-all/bzyivzo6n839fup2jbap0tjew/gradle-4.1/lib/native-platform-0.14.jar
7fa21c610000-7fa21c613000 r--s 0000c000 08:08 671554                     /home/joyal/.gradle/wrapper/dists/gradle-4.1-all/bzyivzo6n839fup2jbap0tjew/gradle-4.1/lib/gradle-native-4.1.jar
7fa21c613000-7fa21c615000 r--s 0000f000 08:08 671562                     /home/joyal/.gradle/wrapper/dists/gradle-4.1-all/bzyivzo6n839fup2jbap0tjew/gradle-4.1/lib/reflectasm-1.07-shaded.jar
7fa21c615000-7fa21c617000 r--s 00000000 08:08 671595                     /home/joyal/.gradle/wrapper/dists/gradle-4.1-all/bzyivzo6n839fup2jbap0tjew/gradle-4.1/lib/minlog-1.2.jar
7fa21c617000-7fa21c61b000 r--s 00026000 08:08 671561                     /home/joyal/.gradle/wrapper/dists/gradle-4.1-all/bzyivzo6n839fup2jbap0tjew/gradle-4.1/lib/kryo-2.20.jar
7fa21c61b000-7fa21c621000 r--s 0002b000 08:08 671558                     /home/joyal/.gradle/wrapper/dists/gradle-4.1-all/bzyivzo6n839fup2jbap0tjew/gradle-4.1/lib/gradle-messaging-4.1.jar
7fa21c621000-7fa21c622000 ---p 00000000 00:00 0 
7fa21c622000-7fa21c722000 rw-p 00000000 00:00 0 
7fa21c722000-7fa21c725000 ---p 00000000 00:00 0 
7fa21c725000-7fa21c823000 rw-p 00000000 00:00 0 
7fa21c823000-7fa21c826000 ---p 00000000 00:00 0 
7fa21c826000-7fa21c924000 rw-p 00000000 00:00 0 
7fa21c924000-7fa21c927000 ---p 00000000 00:00 0 
7fa21c927000-7fa21ca25000 rw-p 00000000 00:00 0 
7fa21ca25000-7fa21ca28000 ---p 00000000 00:00 0 
7fa21ca28000-7fa21cb26000 rw-p 00000000 00:00 0 
7fa21cb26000-7fa21cb29000 ---p 00000000 00:00 0 
7fa21cb29000-7fa21cc27000 rw-p 00000000 00:00 0 
7fa21cc27000-7fa21ceff000 r--p 00000000 08:08 925290                     /usr/lib/locale/locale-archive
7fa21ceff000-7fa21cf02000 ---p 00000000 00:00 0 
7fa21cf02000-7fa21d000000 rw-p 00000000 00:00 0 
7fa21d000000-7fa21dcf0000 rwxp 00000000 00:00 0 
7fa21dcf0000-7fa22c000000 ---p 00000000 00:00 0 
7fa22c000000-7fa22cd2f000 rw-p 00000000 00:00 0 
7fa22cd2f000-7fa230000000 ---p 00000000 00:00 0 
7fa230000000-7fa230002000 r--s 00007000 08:08 671596                     /home/joyal/.gradle/wrapper/dists/gradle-4.1-all/bzyivzo6n839fup2jbap0tjew/gradle-4.1/lib/objenesis-1.2.jar
7fa230002000-7fa230004000 r--s 00006000 08:08 671552                     /home/joyal/.gradle/wrapper/dists/gradle-4.1-all/bzyivzo6n839fup2jbap0tjew/gradle-4.1/lib/gradle-process-services-4.1.jar
7fa230004000-7fa230009000 r--s 00041000 08:08 671571                     /home/joyal/.gradle/wrapper/dists/gradle-4.1-all/bzyivzo6n839fup2jbap0tjew/gradle-4.1/lib/commons-lang-2.6.jar
7fa230009000-7fa230031000 r--s 001cf000 08:08 671569                     /home/joyal/.gradle/wrapper/dists/gradle-4.1-all/bzyivzo6n839fup2jbap0tjew/gradle-4.1/lib/guava-jdk5-17.0.jar
7fa230031000-7fa230050000 r--s 001d1000 08:08 671574                     /home/joyal/.gradle/wrapper/dists/gradle-4.1-all/bzyivzo6n839fup2jbap0tjew/gradle-4.1/lib/ant-1.9.6.jar
7fa230050000-7fa23009a000 r--s 00253000 08:08 671549                     /home/joyal/.gradle/wrapper/dists/gradle-4.1-all/bzyivzo6n839fup2jbap0tjew/gradle-4.1/lib/gradle-core-4.1.jar
7fa23009a000-7fa23009d000 ---p 00000000 00:00 0 
7fa23009d000-7fa23019b000 rw-p 00000000 00:00 0 
7fa23019b000-7fa23019c000 ---p 00000000 00:00 0 
7fa23019c000-7fa23127d000 rw-p 00000000 00:00 0 
7fa23127d000-7fa23144d000 r--s 03c46000 08:08 801412                     /home/joyal/Documents/android-studio/jre/jre/lib/rt.jar
7fa23144d000-7fa231fc3000 rw-p 00000000 00:00 0 
7fa231fc3000-7fa231fc4000 ---p 00000000 00:00 0 
7fa231fc4000-7fa2320c4000 rw-p 00000000 00:00 0 
7fa2320c4000-7fa2320c5000 ---p 00000000 00:00 0 
7fa2320c5000-7fa2321c5000 rw-p 00000000 00:00 0 
7fa2321c5000-7fa2321c6000 ---p 00000000 00:00 0 
7fa2321c6000-7fa2322c6000 rw-p 00000000 00:00 0 
7fa2322c6000-7fa2322c7000 ---p 00000000 00:00 0 
7fa2322c7000-7fa2323e1000 rw-p 00000000 00:00 0 
7fa2323e1000-7fa2325c7000 ---p 00000000 00:00 0 
7fa2325c7000-7fa2325e1000 rw-p 00000000 00:00 0 
7fa2325e1000-7fa2327c7000 ---p 00000000 00:00 0 
7fa2327c7000-7fa2327fa000 rw-p 00000000 00:00 0 
7fa2327fa000-7fa2328c7000 ---p 00000000 00:00 0 
7fa2328c7000-7fa2328fc000 rw-p 00000000 00:00 0 
7fa2328fc000-7fa232c88000 ---p 00000000 00:00 0 
7fa232c88000-7fa232ca2000 r-xp 00000000 08:08 801371                     /home/joyal/Documents/android-studio/jre/jre/lib/amd64/libzip.so
7fa232ca2000-7fa232ea2000 ---p 0001a000 08:08 801371                     /home/joyal/Documents/android-studio/jre/jre/lib/amd64/libzip.so
7fa232ea2000-7fa232ea3000 r--p 0001a000 08:08 801371                     /home/joyal/Documents/android-studio/jre/jre/lib/amd64/libzip.so
7fa232ea3000-7fa232ea4000 rw-p 0001b000 08:08 801371                     /home/joyal/Documents/android-studio/jre/jre/lib/amd64/libzip.so
7fa232ea4000-7fa232eaf000 r-xp 00000000 08:08 529947                     /lib/x86_64-linux-gnu/libnss_files-2.23.so
7fa232eaf000-7fa2330ae000 ---p 0000b000 08:08 529947                     /lib/x86_64-linux-gnu/libnss_files-2.23.so
7fa2330ae000-7fa2330af000 r--p 0000a000 08:08 529947                     /lib/x86_64-linux-gnu/libnss_files-2.23.so
7fa2330af000-7fa2330b0000 rw-p 0000b000 08:08 529947                     /lib/x86_64-linux-gnu/libnss_files-2.23.so
7fa2330b0000-7fa2330b6000 rw-p 00000000 00:00 0 
7fa2330b6000-7fa2330c1000 r-xp 00000000 08:08 529951                     /lib/x86_64-linux-gnu/libnss_nis-2.23.so
7fa2330c1000-7fa2332c0000 ---p 0000b000 08:08 529951                     /lib/x86_64-linux-gnu/libnss_nis-2.23.so
7fa2332c0000-7fa2332c1000 r--p 0000a000 08:08 529951                     /lib/x86_64-linux-gnu/libnss_nis-2.23.so
7fa2332c1000-7fa2332c2000 rw-p 0000b000 08:08 529951                     /lib/x86_64-linux-gnu/libnss_nis-2.23.so
7fa2332c2000-7fa2332d8000 r-xp 00000000 08:08 529302                     /lib/x86_64-linux-gnu/libnsl-2.23.so
7fa2332d8000-7fa2334d7000 ---p 00016000 08:08 529302                     /lib/x86_64-linux-gnu/libnsl-2.23.so
7fa2334d7000-7fa2334d8000 r--p 00015000 08:08 529302                     /lib/x86_64-linux-gnu/libnsl-2.23.so
7fa2334d8000-7fa2334d9000 rw-p 00016000 08:08 529302                     /lib/x86_64-linux-gnu/libnsl-2.23.so
7fa2334d9000-7fa2334db000 rw-p 00000000 00:00 0 
7fa2334db000-7fa2334e3000 r-xp 00000000 08:08 529942                     /lib/x86_64-linux-gnu/libnss_compat-2.23.so
7fa2334e3000-7fa2336e2000 ---p 00008000 08:08 529942                     /lib/x86_64-linux-gnu/libnss_compat-2.23.so
7fa2336e2000-7fa2336e3000 r--p 00007000 08:08 529942                     /lib/x86_64-linux-gnu/libnss_compat-2.23.so
7fa2336e3000-7fa2336e4000 rw-p 00008000 08:08 529942                     /lib/x86_64-linux-gnu/libnss_compat-2.23.so
7fa2336e4000-7fa233711000 r-xp 00000000 08:08 801379                     /home/joyal/Documents/android-studio/jre/jre/lib/amd64/libjava.so
7fa233711000-7fa233910000 ---p 0002d000 08:08 801379                     /home/joyal/Documents/android-studio/jre/jre/lib/amd64/libjava.so
7fa233910000-7fa233911000 r--p 0002c000 08:08 801379                     /home/joyal/Documents/android-studio/jre/jre/lib/amd64/libjava.so
7fa233911000-7fa233913000 rw-p 0002d000 08:08 801379                     /home/joyal/Documents/android-studio/jre/jre/lib/amd64/libjava.so
7fa233913000-7fa233923000 r-xp 00000000 08:08 801367                     /home/joyal/Documents/android-studio/jre/jre/lib/amd64/libverify.so
7fa233923000-7fa233b22000 ---p 00010000 08:08 801367                     /home/joyal/Documents/android-studio/jre/jre/lib/amd64/libverify.so
7fa233b22000-7fa233b24000 r--p 0000f000 08:08 801367                     /home/joyal/Documents/android-studio/jre/jre/lib/amd64/libverify.so
7fa233b24000-7fa233b25000 rw-p 00011000 08:08 801367                     /home/joyal/Documents/android-studio/jre/jre/lib/amd64/libverify.so
7fa233b25000-7fa233b2c000 r-xp 00000000 08:08 529952                     /lib/x86_64-linux-gnu/librt-2.23.so
7fa233b2c000-7fa233d2b000 ---p 00007000 08:08 529952                     /lib/x86_64-linux-gnu/librt-2.23.so
7fa233d2b000-7fa233d2c000 r--p 00006000 08:08 529952                     /lib/x86_64-linux-gnu/librt-2.23.so
7fa233d2c000-7fa233d2d000 rw-p 00007000 08:08 529952                     /lib/x86_64-linux-gnu/librt-2.23.so
7fa233d2d000-7fa233e35000 r-xp 00000000 08:08 529301                     /lib/x86_64-linux-gnu/libm-2.23.so
7fa233e35000-7fa234034000 ---p 00108000 08:08 529301                     /lib/x86_64-linux-gnu/libm-2.23.so
7fa234034000-7fa234035000 r--p 00107000 08:08 529301                     /lib/x86_64-linux-gnu/libm-2.23.so
7fa234035000-7fa234036000 rw-p 00108000 08:08 529301                     /lib/x86_64-linux-gnu/libm-2.23.so
7fa234036000-7fa234c32000 r-xp 00000000 08:08 801389                     /home/joyal/Documents/android-studio/jre/jre/lib/amd64/server/libjvm.so
7fa234c32000-7fa234e32000 ---p 00bfc000 08:08 801389                     /home/joyal/Documents/android-studio/jre/jre/lib/amd64/server/libjvm.so
7fa234e32000-7fa234ed2000 r--p 00bfc000 08:08 801389                     /home/joyal/Documents/android-studio/jre/jre/lib/amd64/server/libjvm.so
7fa234ed2000-7fa234efb000 rw-p 00c9c000 08:08 801389                     /home/joyal/Documents/android-studio/jre/jre/lib/amd64/server/libjvm.so
7fa234efb000-7fa234f3f000 rw-p 00000000 00:00 0 
7fa234f3f000-7fa234f57000 r-xp 00000000 08:08 529755                     /lib/x86_64-linux-gnu/libpthread-2.23.so
7fa234f57000-7fa235156000 ---p 00018000 08:08 529755                     /lib/x86_64-linux-gnu/libpthread-2.23.so
7fa235156000-7fa235157000 r--p 00017000 08:08 529755                     /lib/x86_64-linux-gnu/libpthread-2.23.so
7fa235157000-7fa235158000 rw-p 00018000 08:08 529755                     /lib/x86_64-linux-gnu/libpthread-2.23.so
7fa235158000-7fa23515c000 rw-p 00000000 00:00 0 
7fa23515c000-7fa23515f000 r-xp 00000000 08:08 529936                     /lib/x86_64-linux-gnu/libdl-2.23.so
7fa23515f000-7fa23535e000 ---p 00003000 08:08 529936                     /lib/x86_64-linux-gnu/libdl-2.23.so
7fa23535e000-7fa23535f000 r--p 00002000 08:08 529936                     /lib/x86_64-linux-gnu/libdl-2.23.so
7fa23535f000-7fa235360000 rw-p 00003000 08:08 529936                     /lib/x86_64-linux-gnu/libdl-2.23.so
7fa235360000-7fa235520000 r-xp 00000000 08:08 529756                     /lib/x86_64-linux-gnu/libc-2.23.so
7fa235520000-7fa235720000 ---p 001c0000 08:08 529756                     /lib/x86_64-linux-gnu/libc-2.23.so
7fa235720000-7fa235724000 r--p 001c0000 08:08 529756                     /lib/x86_64-linux-gnu/libc-2.23.so
7fa235724000-7fa235726000 rw-p 001c4000 08:08 529756                     /lib/x86_64-linux-gnu/libc-2.23.so
7fa235726000-7fa23572a000 rw-p 00000000 00:00 0 
7fa23572a000-7fa235740000 r-xp 00000000 08:08 801272                     /home/joyal/Documents/android-studio/jre/lib/amd64/jli/libjli.so
7fa235740000-7fa23593f000 ---p 00016000 08:08 801272                     /home/joyal/Documents/android-studio/jre/lib/amd64/jli/libjli.so
7fa23593f000-7fa235940000 r--p 00015000 08:08 801272                     /home/joyal/Documents/android-studio/jre/lib/amd64/jli/libjli.so
7fa235940000-7fa235941000 rw-p 00016000 08:08 801272                     /home/joyal/Documents/android-studio/jre/lib/amd64/jli/libjli.so
7fa235941000-7fa235967000 r-xp 00000000 08:08 529303                     /lib/x86_64-linux-gnu/ld-2.23.so
7fa235967000-7fa235969000 r--s 00000000 08:08 671550                     /home/joyal/.gradle/wrapper/dists/gradle-4.1-all/bzyivzo6n839fup2jbap0tjew/gradle-4.1/lib/gradle-jvm-services-4.1.jar
7fa235969000-7fa23596c000 r--s 00006000 08:08 671570                     /home/joyal/.gradle/wrapper/dists/gradle-4.1-all/bzyivzo6n839fup2jbap0tjew/gradle-4.1/lib/jsr305-1.3.9.jar
7fa23596c000-7fa235970000 r--s 00027000 08:08 671564                     /home/joyal/.gradle/wrapper/dists/gradle-4.1-all/bzyivzo6n839fup2jbap0tjew/gradle-4.1/lib/commons-io-2.2.jar
7fa235970000-7fa235978000 r--s 000bd000 08:08 671563                     /home/joyal/.gradle/wrapper/dists/gradle-4.1-all/bzyivzo6n839fup2jbap0tjew/gradle-4.1/lib/asm-debug-all-6.0_ALPHA.jar
7fa235978000-7fa235984000 r--s 00053000 08:08 671559                     /home/joyal/.gradle/wrapper/dists/gradle-4.1-all/bzyivzo6n839fup2jbap0tjew/gradle-4.1/lib/gradle-base-services-4.1.jar
7fa235984000-7fa235a46000 rw-p 00000000 00:00 0 
7fa235a46000-7fa235a49000 ---p 00000000 00:00 0 
7fa235a49000-7fa235b4b000 rw-p 00000000 00:00 0 
7fa235b4b000-7fa235b4c000 r--s 00001000 08:08 671594                     /home/joyal/.gradle/wrapper/dists/gradle-4.1-all/bzyivzo6n839fup2jbap0tjew/gradle-4.1/lib/native-platform-linux-i386-ncurses6-0.14.jar
7fa235b4c000-7fa235b4d000 r--s 00000000 08:08 671572                     /home/joyal/.gradle/wrapper/dists/gradle-4.1-all/bzyivzo6n839fup2jbap0tjew/gradle-4.1/lib/jcip-annotations-1.0.jar
7fa235b4d000-7fa235b4e000 r--s 00007000 08:08 671568                     /home/joyal/.gradle/wrapper/dists/gradle-4.1-all/bzyivzo6n839fup2jbap0tjew/gradle-4.1/lib/slf4j-api-1.7.10.jar
7fa235b4e000-7fa235b4f000 r--s 00004000 08:08 671580                     /home/joyal/.gradle/wrapper/dists/gradle-4.1-all/bzyivzo6n839fup2jbap0tjew/gradle-4.1/lib/ant-launcher-1.9.6.jar
7fa235b4f000-7fa235b5b000 r--s 0005c000 08:08 671544                     /home/joyal/.gradle/wrapper/dists/gradle-4.1-all/bzyivzo6n839fup2jbap0tjew/gradle-4.1/lib/gradle-launcher-4.1.jar
7fa235b5b000-7fa235b63000 rw-s 00000000 08:08 671456                     /tmp/hsperfdata_joyal/14353
7fa235b63000-7fa235b64000 rw-p 00000000 00:00 0 
7fa235b64000-7fa235b65000 ---p 00000000 00:00 0 
7fa235b65000-7fa235b66000 rw-p 00000000 00:00 0 
7fa235b66000-7fa235b67000 r--p 00025000 08:08 529303                     /lib/x86_64-linux-gnu/ld-2.23.so
7fa235b67000-7fa235b68000 rw-p 00026000 08:08 529303                     /lib/x86_64-linux-gnu/ld-2.23.so
7fa235b68000-7fa235b69000 rw-p 00000000 00:00 0 
7fffa07bb000-7fffa07dc000 rw-p 00000000 00:00 0                          [stack]
7fffa07ec000-7fffa07ee000 r--p 00000000 00:00 0                          [vvar]
7fffa07ee000-7fffa07f0000 r-xp 00000000 00:00 0                          [vdso]
ffffffffff600000-ffffffffff601000 r-xp 00000000 00:00 0                  [vsyscall]

VM Arguments:
jvm_args: -Xmx1536M -Dfile.encoding=UTF-8 -Duser.country=IN -Duser.language=en -Duser.variant 
java_command: org.gradle.launcher.daemon.bootstrap.GradleDaemon 4.1
java_class_path (initial): /home/joyal/.gradle/wrapper/dists/gradle-4.1-all/bzyivzo6n839fup2jbap0tjew/gradle-4.1/lib/gradle-launcher-4.1.jar
Launcher Type: SUN_STANDARD

Environment Variables:
JAVA_HOME=/home/joyal/Documents/android-studio/jre
PATH=/home/joyal/bin:/home/joyal/.local/bin:/usr/local/sbin:/usr/local/bin:/usr/sbin:/usr/bin:/sbin:/bin:/usr/games:/usr/local/games
SHELL=/bin/bash
DISPLAY=:0

Signal Handlers:
SIGSEGV: [libjvm.so+0x9edb30], sa_mask[0]=11111111011111111101111111111110, sa_flags=SA_RESTART|SA_SIGINFO
SIGBUS: [libjvm.so+0x9edb30], sa_mask[0]=11111111011111111101111111111110, sa_flags=SA_RESTART|SA_SIGINFO
SIGFPE: [libjvm.so+0x84e800], sa_mask[0]=11111111011111111101111111111110, sa_flags=SA_RESTART|SA_SIGINFO
SIGPIPE: [libjvm.so+0x84e800], sa_mask[0]=11111111011111111101111111111110, sa_flags=SA_RESTART|SA_SIGINFO
SIGXFSZ: [libjvm.so+0x84e800], sa_mask[0]=11111111011111111101111111111110, sa_flags=SA_RESTART|SA_SIGINFO
SIGILL: [libjvm.so+0x84e800], sa_mask[0]=11111111011111111101111111111110, sa_flags=SA_RESTART|SA_SIGINFO
SIGUSR1: SIG_DFL, sa_mask[0]=00000000000000000000000000000000, sa_flags=none
SIGUSR2: [libjvm.so+0x84e6d0], sa_mask[0]=00100000000000000000010000100000, sa_flags=SA_RESTART|SA_SIGINFO
SIGHUP: [libjvm.so+0x84e8c0], sa_mask[0]=11111111011111111101111111111110, sa_flags=SA_RESTART|SA_SIGINFO
SIGINT: SIG_IGN, sa_mask[0]=00000000000000000000000000000000, sa_flags=none
SIGTERM: [libjvm.so+0x84e8c0], sa_mask[0]=11111111011111111101111111111110, sa_flags=SA_RESTART|SA_SIGINFO
SIGQUIT: [libjvm.so+0x84e8c0], sa_mask[0]=11111111011111111101111111111110, sa_flags=SA_RESTART|SA_SIGINFO


---------------  S Y S T E M  ---------------

OS:DISTRIB_ID=LinuxMint
DISTRIB_RELEASE=18.3
DISTRIB_CODENAME=sylvia
DISTRIB_DESCRIPTION="Linux Mint 18.3 Sylvia"

uname:Linux 4.10.0-38-generic #42~16.04.1-Ubuntu SMP Tue Oct 10 16:32:20 UTC 2017 x86_64
libc:glibc 2.23 NPTL 2.23 
rlimit: STACK 8192k, CORE 0k, NPROC 15089, NOFILE 1048576, AS infinity
load average:15.40 9.39 4.90

/proc/meminfo:
MemTotal:        3909968 kB
MemFree:          100208 kB
MemAvailable:       2172 kB
Buffers:             696 kB
Cached:           192196 kB
SwapCached:            0 kB
Active:          3424964 kB
Inactive:         172952 kB
Active(anon):    3416560 kB
Inactive(anon):   162864 kB
Active(file):       8404 kB
Inactive(file):    10088 kB
Unevictable:          32 kB
Mlocked:              32 kB
SwapTotal:             0 kB
SwapFree:              0 kB
Dirty:                64 kB
Writeback:             0 kB
AnonPages:       3405840 kB
Mapped:            92380 kB
Shmem:            173616 kB
Slab:              72732 kB
SReclaimable:      31864 kB
SUnreclaim:        40868 kB
KernelStack:       12512 kB
PageTables:        50272 kB
NFS_Unstable:          0 kB
Bounce:                0 kB
WritebackTmp:          0 kB
CommitLimit:     1954984 kB
Committed_AS:    9324196 kB
VmallocTotal:   34359738367 kB
VmallocUsed:           0 kB
VmallocChunk:          0 kB
HardwareCorrupted:     0 kB
AnonHugePages:    651264 kB
ShmemHugePages:        0 kB
ShmemPmdMapped:        0 kB
CmaTotal:              0 kB
CmaFree:               0 kB
HugePages_Total:       0
HugePages_Free:        0
HugePages_Rsvd:        0
HugePages_Surp:        0
Hugepagesize:       2048 kB
DirectMap4k:      178804 kB
DirectMap2M:     3880960 kB
DirectMap1G:           0 kB


CPU:total 4 (initial active 4) (2 cores per cpu, 2 threads per core) family 6 model 142 stepping 9, cmov, cx8, fxsr, mmx, sse, sse2, sse3, ssse3, sse4.1, sse4.2, popcnt, avx, avx2, aes, clmul, erms, 3dnowpref, lzcnt, ht, tsc, tscinvbit, bmi1, bmi2, adx

/proc/cpuinfo:
processor	: 0
vendor_id	: GenuineIntel
cpu family	: 6
model		: 142
model name	: Intel(R) Core(TM) i5-7200U CPU @ 2.50GHz
stepping	: 9
microcode	: 0x48
cpu MHz		: 769.592
cache size	: 3072 KB
physical id	: 0
siblings	: 4
core id		: 0
cpu cores	: 2
apicid		: 0
initial apicid	: 0
fpu		: yes
fpu_exception	: yes
cpuid level	: 22
wp		: yes
flags		: fpu vme de pse tsc msr pae mce cx8 apic sep mtrr pge mca cmov pat pse36 clflush dts acpi mmx fxsr sse sse2 ss ht tm pbe syscall nx pdpe1gb rdtscp lm constant_tsc art arch_perfmon pebs bts rep_good nopl xtopology nonstop_tsc aperfmperf tsc_known_freq pni pclmulqdq dtes64 monitor ds_cpl vmx est tm2 ssse3 sdbg fma cx16 xtpr pdcm pcid sse4_1 sse4_2 x2apic movbe popcnt tsc_deadline_timer aes xsave avx f16c rdrand lahf_lm abm 3dnowprefetch epb intel_pt tpr_shadow vnmi flexpriority ept vpid fsgsbase tsc_adjust bmi1 avx2 smep bmi2 erms invpcid mpx rdseed adx smap clflushopt xsaveopt xsavec xgetbv1 xsaves dtherm ida arat pln pts hwp hwp_notify hwp_act_window hwp_epp
bugs		:
bogomips	: 5424.00
clflush size	: 64
cache_alignment	: 64
address sizes	: 39 bits physical, 48 bits virtual
power management:

processor	: 1
vendor_id	: GenuineIntel
cpu family	: 6
model		: 142
model name	: Intel(R) Core(TM) i5-7200U CPU @ 2.50GHz
stepping	: 9
microcode	: 0x48
cpu MHz		: 699.884
cache size	: 3072 KB
physical id	: 0
siblings	: 4
core id		: 1
cpu cores	: 2
apicid		: 2
initial apicid	: 2
fpu		: yes
fpu_exception	: yes
cpuid level	: 22
wp		: yes
flags		: fpu vme de pse tsc msr pae mce cx8 apic sep mtrr pge mca cmov pat pse36 clflush dts acpi mmx fxsr sse sse2 ss ht tm pbe syscall nx pdpe1gb rdtscp lm constant_tsc art arch_perfmon pebs bts rep_good nopl xtopology nonstop_tsc aperfmperf tsc_known_freq pni pclmulqdq dtes64 monitor ds_cpl vmx est tm2 ssse3 sdbg fma cx16 xtpr pdcm pcid sse4_1 sse4_2 x2apic movbe popcnt tsc_deadline_timer aes xsave avx f16c rdrand lahf_lm abm 3dnowprefetch epb intel_pt tpr_shadow vnmi flexpriority ept vpid fsgsbase tsc_adjust bmi1 avx2 smep bmi2 erms invpcid mpx rdseed adx smap clflushopt xsaveopt xsavec xgetbv1 xsaves dtherm ida arat pln pts hwp hwp_notify hwp_act_window hwp_epp
bugs		:
bogomips	: 5424.00
clflush size	: 64
cache_alignment	: 64
address sizes	: 39 bits physical, 48 bits virtual
power management:

processor	: 2
vendor_id	: GenuineIntel
cpu family	: 6
model		: 142
model name	: Intel(R) Core(TM) i5-7200U CPU @ 2.50GHz
stepping	: 9
microcode	: 0x48
cpu MHz		: 756.079
cache size	: 3072 KB
physical id	: 0
siblings	: 4
core id		: 0
cpu cores	: 2
apicid		: 1
initial apicid	: 1
fpu		: yes
fpu_exception	: yes
cpuid level	: 22
wp		: yes
flags		: fpu vme de pse tsc msr pae mce cx8 apic sep mtrr pge mca cmov pat pse36 clflush dts acpi mmx fxsr sse sse2 ss ht tm pbe syscall nx pdpe1gb rdtscp lm constant_tsc art arch_perfmon pebs bts rep_good nopl xtopology nonstop_tsc aperfmperf tsc_known_freq pni pclmulqdq dtes64 monitor ds_cpl vmx est tm2 ssse3 sdbg fma cx16 xtpr pdcm pcid sse4_1 sse4_2 x2apic movbe popcnt tsc_deadline_timer aes xsave avx f16c rdrand lahf_lm abm 3dnowprefetch epb intel_pt tpr_shadow vnmi flexpriority ept vpid fsgsbase tsc_adjust bmi1 avx2 smep bmi2 erms invpcid mpx rdseed adx smap clflushopt xsaveopt xsavec xgetbv1 xsaves dtherm ida arat pln pts hwp hwp_notify hwp_act_window hwp_epp
bugs		:
bogomips	: 5424.00
clflush size	: 64
cache_alignment	: 64
address sizes	: 39 bits physical, 48 bits virtual
power management:

processor	: 3
vendor_id	: GenuineIntel
cpu family	: 6
model		: 142
model name	: Intel(R) Core(TM) i5-7200U CPU @ 2.50GHz
stepping	: 9
microcode	: 0x48
cpu MHz		: 666.760
cache size	: 3072 KB
physical id	: 0
siblings	: 4
core id		: 1
cpu cores	: 2
apicid		: 3
initial apicid	: 3
fpu		: yes
fpu_exception	: yes
cpuid level	: 22
wp		: yes
flags		: fpu vme de pse tsc msr pae mce cx8 apic sep mtrr pge mca cmov pat pse36 clflush dts acpi mmx fxsr sse sse2 ss ht tm pbe syscall nx pdpe1gb rdtscp lm constant_tsc art arch_perfmon pebs bts rep_good nopl xtopology nonstop_tsc aperfmperf tsc_known_freq pni pclmulqdq dtes64 monitor ds_cpl vmx est tm2 ssse3 sdbg fma cx16 xtpr pdcm pcid sse4_1 sse4_2 x2apic movbe popcnt tsc_deadline_timer aes xsave avx f16c rdrand lahf_lm abm 3dnowprefetch epb intel_pt tpr_shadow vnmi flexpriority ept vpid fsgsbase tsc_adjust bmi1 avx2 smep bmi2 erms invpcid mpx rdseed adx smap clflushopt xsaveopt xsavec xgetbv1 xsaves dtherm ida arat pln pts hwp hwp_notify hwp_act_window hwp_epp
bugs		:
bogomips	: 5424.00
clflush size	: 64
cache_alignment	: 64
address sizes	: 39 bits physical, 48 bits virtual
power management:



Memory: 4k page, physical 3909968k(100084k free), swap 0k(0k free)

vm_info: OpenJDK 64-Bit Server VM (25.152-b01) for linux-amd64 JRE (1.8.0_152-release-1024-b01), built by "builder" with gcc 4.8.4

time: Sun Jun  3 16:24:24 2018
elapsed time: 303 seconds (0d 0h 5m 3s)

